[16:14:32] SteveGrKek (uuid: 80063e32-660f-3040-aa72-a0e52f9efa9f): 123
[16:17:59] SteveGrKek (uuid: 80063e32-660f-3040-aa72-a0e52f9efa9f): §6Меню сервера
[16:18:06] SteveGrKek (uuid: 80063e32-660f-3040-aa72-a0e52f9efa9f): §eМеню сервера
[16:42:40] SteveGrKek (uuid: 80063e32-660f-3040-aa72-a0e52f9efa9f): §cРандомная телепортация
[16:42:44] SteveGrKek (uuid: 80063e32-660f-3040-aa72-a0e52f9efa9f): §c§lРандомная телепортация
[16:42:55] SteveGrKek (uuid: 80063e32-660f-3040-aa72-a0e52f9efa9f): §b§lРандомная телепортация
[16:43:02] SteveGrKek (uuid: 80063e32-660f-3040-aa72-a0e52f9efa9f): §3§lРандомная телепортация
[16:43:06] SteveGrKek (uuid: 80063e32-660f-3040-aa72-a0e52f9efa9f): §8§lРандомная телепортация
[16:43:09] SteveGrKek (uuid: 80063e32-660f-3040-aa72-a0e52f9efa9f): §9§lРандомная телепортация
[16:43:23] SteveGrKek (uuid: 80063e32-660f-3040-aa72-a0e52f9efa9f): §a§lРандомная телепортация
[16:43:28] SteveGrKek (uuid: 80063e32-660f-3040-aa72-a0e52f9efa9f): §7§lРандомная телепортация
[16:43:31] SteveGrKek (uuid: 80063e32-660f-3040-aa72-a0e52f9efa9f): &+6§lРандомная телепортация
[16:43:34] SteveGrKek (uuid: 80063e32-660f-3040-aa72-a0e52f9efa9f): §6§lРандомная телепортация
[16:43:38] SteveGrKek (uuid: 80063e32-660f-3040-aa72-a0e52f9efa9f): §5§lРандомная телепортация
[16:43:43] SteveGrKek (uuid: 80063e32-660f-3040-aa72-a0e52f9efa9f): §4§lРандомная телепортация
[16:43:47] SteveGrKek (uuid: 80063e32-660f-3040-aa72-a0e52f9efa9f): §3§lРандомная телепортация
[16:43:51] SteveGrKek (uuid: 80063e32-660f-3040-aa72-a0e52f9efa9f): §2§lРандомная телепортация
[16:43:56] SteveGrKek (uuid: 80063e32-660f-3040-aa72-a0e52f9efa9f): §1§lРандомная телепортация
[16:43:59] SteveGrKek (uuid: 80063e32-660f-3040-aa72-a0e52f9efa9f): §0§lРандомная телепортация
[16:44:00] SteveGrKek (uuid: 80063e32-660f-3040-aa72-a0e52f9efa9f): §a§lРандомная телепортация
[16:44:03] SteveGrKek (uuid: 80063e32-660f-3040-aa72-a0e52f9efa9f): §b§lРандомная телепортация
[16:44:07] SteveGrKek (uuid: 80063e32-660f-3040-aa72-a0e52f9efa9f): §c§lРандомная телепортация
[16:44:12] SteveGrKek (uuid: 80063e32-660f-3040-aa72-a0e52f9efa9f): §d§lРандомная телепортация
[16:44:14] SteveGrKek (uuid: 80063e32-660f-3040-aa72-a0e52f9efa9f): §e§lРандомная телепортация
[16:44:18] SteveGrKek (uuid: 80063e32-660f-3040-aa72-a0e52f9efa9f): §f§lРандомная телепортация
[17:04:54] SteveGrKek (uuid: 80063e32-660f-3040-aa72-a0e52f9efa9f): :D
[17:12:42] SteveGrKek (uuid: 80063e32-660f-3040-aa72-a0e52f9efa9f): 123
[17:12:49] MeraMiner (uuid: 63b608d5-49f4-39ee-9d0d-9f19e6b09e23): Чё
[18:02:45] MeraMiner (uuid: 63b608d5-49f4-39ee-9d0d-9f19e6b09e23): §1rere
[18:02:53] MeraMiner (uuid: 63b608d5-49f4-39ee-9d0d-9f19e6b09e23): §8§Lrere
[18:02:59] MeraMiner (uuid: 63b608d5-49f4-39ee-9d0d-9f19e6b09e23): §8§lrere
[18:03:08] MeraMiner (uuid: 63b608d5-49f4-39ee-9d0d-9f19e6b09e23): §8§lХуй наны
[18:03:12] MeraMiner (uuid: 63b608d5-49f4-39ee-9d0d-9f19e6b09e23): §5§lХуй наны
[18:03:13] MeraMiner (uuid: 63b608d5-49f4-39ee-9d0d-9f19e6b09e23): §5§lХуй наны
[18:03:13] MeraMiner (uuid: 63b608d5-49f4-39ee-9d0d-9f19e6b09e23): §5§lХуй наны
[18:03:14] MeraMiner (uuid: 63b608d5-49f4-39ee-9d0d-9f19e6b09e23): §5§lХуй наны
[18:03:14] MeraMiner (uuid: 63b608d5-49f4-39ee-9d0d-9f19e6b09e23): §5§lХуй наны
[18:03:16] MeraMiner (uuid: 63b608d5-49f4-39ee-9d0d-9f19e6b09e23): §5§lХуй наны
[18:03:16] MeraMiner (uuid: 63b608d5-49f4-39ee-9d0d-9f19e6b09e23): §5§lХуй наны
[18:03:17] MeraMiner (uuid: 63b608d5-49f4-39ee-9d0d-9f19e6b09e23): §5§lХуй наны
[18:03:17] MeraMiner (uuid: 63b608d5-49f4-39ee-9d0d-9f19e6b09e23): §5§lХуй наны
[18:03:18] MeraMiner (uuid: 63b608d5-49f4-39ee-9d0d-9f19e6b09e23): §5§lХуй наны
[18:03:18] MeraMiner (uuid: 63b608d5-49f4-39ee-9d0d-9f19e6b09e23): §5§lХуй наны
[18:03:19] MeraMiner (uuid: 63b608d5-49f4-39ee-9d0d-9f19e6b09e23): §5§lХуй наны
[18:03:19] MeraMiner (uuid: 63b608d5-49f4-39ee-9d0d-9f19e6b09e23): §5§lХуй наны
[18:03:20] MeraMiner (uuid: 63b608d5-49f4-39ee-9d0d-9f19e6b09e23): §5§lХуй наны
[18:03:20] MeraMiner (uuid: 63b608d5-49f4-39ee-9d0d-9f19e6b09e23): §5§lХуй наны
[18:03:21] MeraMiner (uuid: 63b608d5-49f4-39ee-9d0d-9f19e6b09e23): §5§lХуй наны
[18:03:21] MeraMiner (uuid: 63b608d5-49f4-39ee-9d0d-9f19e6b09e23): §5§lХуй наны
[18:03:22] MeraMiner (uuid: 63b608d5-49f4-39ee-9d0d-9f19e6b09e23): §5§lХуй наны
[18:03:22] MeraMiner (uuid: 63b608d5-49f4-39ee-9d0d-9f19e6b09e23): §5§lХуй наны
[18:03:22] MeraMiner (uuid: 63b608d5-49f4-39ee-9d0d-9f19e6b09e23): §5§lХуй наны
[18:22:41] SteveGrKek (uuid: 80063e32-660f-3040-aa72-a0e52f9efa9f): ./cyl 1 50
[20:50:30] SteveGrKek (uuid: 80063e32-660f-3040-aa72-a0e52f9efa9f): mrl reset mine
[20:59:21] MeraMiner (uuid: 63b608d5-49f4-39ee-9d0d-9f19e6b09e23): §5§l ХУУУУУУЙ
[20:59:22] MeraMiner (uuid: 63b608d5-49f4-39ee-9d0d-9f19e6b09e23): §5§l ХУУУУУУЙ
[20:59:23] MeraMiner (uuid: 63b608d5-49f4-39ee-9d0d-9f19e6b09e23): §5§l ХУУУУУУЙ
[20:59:23] MeraMiner (uuid: 63b608d5-49f4-39ee-9d0d-9f19e6b09e23): §5§l ХУУУУУУЙ
[20:59:24] MeraMiner (uuid: 63b608d5-49f4-39ee-9d0d-9f19e6b09e23): §5§l ХУУУУУУЙ
[20:59:24] MeraMiner (uuid: 63b608d5-49f4-39ee-9d0d-9f19e6b09e23): §5§l ХУУУУУУЙ
[20:59:25] MeraMiner (uuid: 63b608d5-49f4-39ee-9d0d-9f19e6b09e23): §5§l ХУУУУУУЙ
[20:59:25] MeraMiner (uuid: 63b608d5-49f4-39ee-9d0d-9f19e6b09e23): §5§l ХУУУУУУЙ
[20:59:26] MeraMiner (uuid: 63b608d5-49f4-39ee-9d0d-9f19e6b09e23): §5§l ХУУУУУУЙ
[20:59:26] MeraMiner (uuid: 63b608d5-49f4-39ee-9d0d-9f19e6b09e23): §5§l ХУУУУУУЙф
[20:59:26] MeraMiner (uuid: 63b608d5-49f4-39ee-9d0d-9f19e6b09e23): §5§l ХУУУУУУЙф
[20:59:27] MeraMiner (uuid: 63b608d5-49f4-39ee-9d0d-9f19e6b09e23): §5§l ХУУУУУУЙф
[20:59:27] MeraMiner (uuid: 63b608d5-49f4-39ee-9d0d-9f19e6b09e23): §5§l ХУУУУУУЙф
[20:59:29] MeraMiner (uuid: 63b608d5-49f4-39ee-9d0d-9f19e6b09e23): §5§l ХУУУУУУЙ
[20:59:30] MeraMiner (uuid: 63b608d5-49f4-39ee-9d0d-9f19e6b09e23): §5§l ХУУУУУУЙ
[20:59:30] MeraMiner (uuid: 63b608d5-49f4-39ee-9d0d-9f19e6b09e23): §5§l ХУУУУУУЙ
[20:59:30] MeraMiner (uuid: 63b608d5-49f4-39ee-9d0d-9f19e6b09e23): §5§l ХУУУУУУЙ
[20:59:31] MeraMiner (uuid: 63b608d5-49f4-39ee-9d0d-9f19e6b09e23): §5§l ХУУУУУУЙ
[20:59:31] MeraMiner (uuid: 63b608d5-49f4-39ee-9d0d-9f19e6b09e23): §5§l ХУУУУУУЙ
[20:59:32] MeraMiner (uuid: 63b608d5-49f4-39ee-9d0d-9f19e6b09e23): §5§l ХУУУУУУЙ
[20:59:32] MeraMiner (uuid: 63b608d5-49f4-39ee-9d0d-9f19e6b09e23): §5§l ХУУУУУУЙ
[20:59:33] MeraMiner (uuid: 63b608d5-49f4-39ee-9d0d-9f19e6b09e23): §5§l ХУУУУУУЙ
[20:59:33] MeraMiner (uuid: 63b608d5-49f4-39ee-9d0d-9f19e6b09e23): §5§l ХУУУУУУЙ
[20:59:34] MeraMiner (uuid: 63b608d5-49f4-39ee-9d0d-9f19e6b09e23): §5§l ХУУУУУУЙ
[20:59:34] MeraMiner (uuid: 63b608d5-49f4-39ee-9d0d-9f19e6b09e23): §5§l ХУУУУУУЙ
[20:59:34] MeraMiner (uuid: 63b608d5-49f4-39ee-9d0d-9f19e6b09e23): §5§l ХУУУУУУЙ
[20:59:35] MeraMiner (uuid: 63b608d5-49f4-39ee-9d0d-9f19e6b09e23): §5§l ХУУУУУУЙ
[20:59:35] MeraMiner (uuid: 63b608d5-49f4-39ee-9d0d-9f19e6b09e23): §5§l ХУУУУУУЙ
[20:59:35] MeraMiner (uuid: 63b608d5-49f4-39ee-9d0d-9f19e6b09e23): §5§l ХУУУУУУЙ
[20:59:36] MeraMiner (uuid: 63b608d5-49f4-39ee-9d0d-9f19e6b09e23): §5§l ХУУУУУУЙ
[20:59:36] MeraMiner (uuid: 63b608d5-49f4-39ee-9d0d-9f19e6b09e23): §5§l ХУУУУУУЙ
[20:59:37] MeraMiner (uuid: 63b608d5-49f4-39ee-9d0d-9f19e6b09e23): §5§l ХУУУУУУЙ
[20:59:37] MeraMiner (uuid: 63b608d5-49f4-39ee-9d0d-9f19e6b09e23): §5§l ХУУУУУУЙ
[20:59:38] MeraMiner (uuid: 63b608d5-49f4-39ee-9d0d-9f19e6b09e23): §5§l ХУУУУУУЙ
[20:59:38] MeraMiner (uuid: 63b608d5-49f4-39ee-9d0d-9f19e6b09e23): §5§l ХУУУУУУЙ
[20:59:39] MeraMiner (uuid: 63b608d5-49f4-39ee-9d0d-9f19e6b09e23): §5§l ХУУУУУУЙ
[20:59:40] MeraMiner (uuid: 63b608d5-49f4-39ee-9d0d-9f19e6b09e23): §5§l ХУУУУУУЙ
