[19:57:18] EleforCreate (uuid: ce89abce-4e57-309a-b594-056bd4299a3f): 123
[20:01:44] Frozentrone (uuid: e00eb9a1-fa93-3523-92fe-401ab2a2f9d1): Кто?
[20:02:05] Frozentrone (uuid: e00eb9a1-fa93-3523-92fe-401ab2a2f9d1): Стив?
[20:02:25] EleforCreate (uuid: ce89abce-4e57-309a-b594-056bd4299a3f): Я опку дал
[20:02:30] Frozentrone (uuid: e00eb9a1-fa93-3523-92fe-401ab2a2f9d1): Ок
[20:02:50] Frozentrone (uuid: e00eb9a1-fa93-3523-92fe-401ab2a2f9d1): Что за ужасный спавн?
[20:13:40] EleforCreate (uuid: ce89abce-4e57-309a-b594-056bd4299a3f): 123
[20:14:19] Annezlove (uuid: 8787a290-c8a7-3d07-8805-f3003bbdc0b5): gm 1
[20:15:35] Annezlove (uuid: 8787a290-c8a7-3d07-8805-f3003bbdc0b5): wank
[20:15:38] Annezlove (uuid: 8787a290-c8a7-3d07-8805-f3003bbdc0b5): wand
[20:17:44] EleforCreate (uuid: ce89abce-4e57-309a-b594-056bd4299a3f): .//sphere 0 15
[20:31:45] EleforCreate (uuid: ce89abce-4e57-309a-b594-056bd4299a3f): World edit Commands
[20:32:10] EleforCreate (uuid: ce89abce-4e57-309a-b594-056bd4299a3f): 123
[20:32:55] Annezlove (uuid: 8787a290-c8a7-3d07-8805-f3003bbdc0b5): fdsf
[20:33:13] Annezlove (uuid: 8787a290-c8a7-3d07-8805-f3003bbdc0b5): fff
[20:34:36] EleforCreate (uuid: ce89abce-4e57-309a-b594-056bd4299a3f): Word edit Команды
[20:36:45] EleforCreate (uuid: ce89abce-4e57-309a-b594-056bd4299a3f): .//hcyl
[20:40:28] EleforCreate (uuid: ce89abce-4e57-309a-b594-056bd4299a3f): SEUS
[20:47:11] EleforCreate (uuid: ce89abce-4e57-309a-b594-056bd4299a3f): .//copy
[20:47:19] EleforCreate (uuid: ce89abce-4e57-309a-b594-056bd4299a3f): .//rotate 90
[21:20:46] EleforCreate (uuid: ce89abce-4e57-309a-b594-056bd4299a3f): §7 123
[21:20:49] Frozentrone (uuid: e00eb9a1-fa93-3523-92fe-401ab2a2f9d1): 11
[21:20:58] EleforCreate (uuid: ce89abce-4e57-309a-b594-056bd4299a3f): §8(§8)
[21:21:10] EleforCreate (uuid: ce89abce-4e57-309a-b594-056bd4299a3f): §8(§bBuilder§8)
[21:21:18] EleforCreate (uuid: ce89abce-4e57-309a-b594-056bd4299a3f): §8(§bСтроитель§8)
[21:21:24] EleforCreate (uuid: ce89abce-4e57-309a-b594-056bd4299a3f): §7(§bСтроитель§7)
[21:21:34] EleforCreate (uuid: ce89abce-4e57-309a-b594-056bd4299a3f): §6(§bСтроитель§6)
[21:21:41] EleforCreate (uuid: ce89abce-4e57-309a-b594-056bd4299a3f): §6(§bСтроитель&у)
[21:21:43] EleforCreate (uuid: ce89abce-4e57-309a-b594-056bd4299a3f): §6(§bСтроитель§e)
[21:21:48] EleforCreate (uuid: ce89abce-4e57-309a-b594-056bd4299a3f): §e(§bСтроитель§e)
[21:21:56] EleforCreate (uuid: ce89abce-4e57-309a-b594-056bd4299a3f): §e(§7Строитель§e)
[21:22:03] EleforCreate (uuid: ce89abce-4e57-309a-b594-056bd4299a3f): §8(§7Строитель§8)
[21:22:25] EleforCreate (uuid: ce89abce-4e57-309a-b594-056bd4299a3f): §8(§7Строитель§8) §basd
[21:22:28] Frozentrone (uuid: e00eb9a1-fa93-3523-92fe-401ab2a2f9d1): aa
[21:22:29] EleforCreate (uuid: ce89abce-4e57-309a-b594-056bd4299a3f): §8(§7Строитель§8) §1asd
[21:22:37] EleforCreate (uuid: ce89abce-4e57-309a-b594-056bd4299a3f): §8(§7Строитель§8) §2asd
[21:22:40] Frozentrone (uuid: e00eb9a1-fa93-3523-92fe-401ab2a2f9d1): aa
[21:22:41] EleforCreate (uuid: ce89abce-4e57-309a-b594-056bd4299a3f): §8(§7Строитель§8) §3asd
[21:22:43] EleforCreate (uuid: ce89abce-4e57-309a-b594-056bd4299a3f): §8(§7Строитель§8) §4asd
[21:22:45] EleforCreate (uuid: ce89abce-4e57-309a-b594-056bd4299a3f): §8(§7Строитель§8) §3asd
[21:23:07] EleforCreate (uuid: ce89abce-4e57-309a-b594-056bd4299a3f): §8(§7Строитель§8) §b§4asd
[21:23:32] EleforCreate (uuid: ce89abce-4e57-309a-b594-056bd4299a3f): §8(§7Строитель§8) §3§dasd
[21:23:36] EleforCreate (uuid: ce89abce-4e57-309a-b594-056bd4299a3f): §8(§7Строитель§8) §3§basd
[21:23:41] EleforCreate (uuid: ce89abce-4e57-309a-b594-056bd4299a3f): §8(§7Строитель§8) §3§lasd
[21:23:46] EleforCreate (uuid: ce89abce-4e57-309a-b594-056bd4299a3f): §8(§7Строитель§8) §3§lasd
[21:23:47] EleforCreate (uuid: ce89abce-4e57-309a-b594-056bd4299a3f): §8(§7Строитель§8) §3§lasd
[21:23:47] EleforCreate (uuid: ce89abce-4e57-309a-b594-056bd4299a3f): §8(§7Строитель§8) §3§lasd
[21:23:47] EleforCreate (uuid: ce89abce-4e57-309a-b594-056bd4299a3f): §8(§7Строитель§8) §3§lasd
[21:24:36] Frozentrone (uuid: e00eb9a1-fa93-3523-92fe-401ab2a2f9d1): frozentrone
[21:25:46] Frozentrone (uuid: e00eb9a1-fa93-3523-92fe-401ab2a2f9d1): AFK
[21:25:58] Annezlove (uuid: 8787a290-c8a7-3d07-8805-f3003bbdc0b5): f
[21:26:14] EleforCreate (uuid: ce89abce-4e57-309a-b594-056bd4299a3f): Support
[21:26:30] EleforCreate (uuid: ce89abce-4e57-309a-b594-056bd4299a3f): §8(§7Строитель§8) §3§l
[21:26:32] Annezlove (uuid: 8787a290-c8a7-3d07-8805-f3003bbdc0b5): f
[21:26:32] EleforCreate (uuid: ce89abce-4e57-309a-b594-056bd4299a3f): §8(§7Строитель§8) §3§lasd
[21:26:36] Frozentrone (uuid: e00eb9a1-fa93-3523-92fe-401ab2a2f9d1): AFK
[21:26:39] EleforCreate (uuid: ce89abce-4e57-309a-b594-056bd4299a3f): §8(§7Гл.Строитель§8) §3§lasd
[21:26:42] Annezlove (uuid: 8787a290-c8a7-3d07-8805-f3003bbdc0b5): f
[21:26:50] Annezlove (uuid: 8787a290-c8a7-3d07-8805-f3003bbdc0b5): f
[21:27:01] Annezlove (uuid: 8787a290-c8a7-3d07-8805-f3003bbdc0b5): f
[21:27:21] Annezlove (uuid: 8787a290-c8a7-3d07-8805-f3003bbdc0b5): rf
[21:28:06] Frozentrone (uuid: e00eb9a1-fa93-3523-92fe-401ab2a2f9d1): S
[21:28:07] Annezlove (uuid: 8787a290-c8a7-3d07-8805-f3003bbdc0b5): f
[21:30:03] Annezlove (uuid: 8787a290-c8a7-3d07-8805-f3003bbdc0b5): f
[21:30:08] Frozentrone (uuid: e00eb9a1-fa93-3523-92fe-401ab2a2f9d1): Ia gey
[21:30:18] Frozentrone (uuid: e00eb9a1-fa93-3523-92fe-401ab2a2f9d1): Ia gey
[21:30:42] Frozentrone (uuid: e00eb9a1-fa93-3523-92fe-401ab2a2f9d1): Ia gey
[21:30:56] Annezlove (uuid: 8787a290-c8a7-3d07-8805-f3003bbdc0b5): f
[21:30:59] Frozentrone (uuid: e00eb9a1-fa93-3523-92fe-401ab2a2f9d1): Ia gey
[21:32:23] Annezlove (uuid: 8787a290-c8a7-3d07-8805-f3003bbdc0b5): ffrewsf;sd
[21:32:25] Frozentrone (uuid: e00eb9a1-fa93-3523-92fe-401ab2a2f9d1): A
[21:35:53] Annezlove (uuid: 8787a290-c8a7-3d07-8805-f3003bbdc0b5): f
[21:37:52] Annezlove (uuid: 8787a290-c8a7-3d07-8805-f3003bbdc0b5): f
[21:40:23] Annezlove (uuid: 8787a290-c8a7-3d07-8805-f3003bbdc0b5): g
[21:40:41] Mum1a (uuid: 09761073-8743-38fa-b64d-7a8ec598e5b5): canya ][
[21:40:54] EleforCreate (uuid: ce89abce-4e57-309a-b594-056bd4299a3f): §7(§d§lГл.Строитель§7)
[21:41:07] EleforCreate (uuid: ce89abce-4e57-309a-b594-056bd4299a3f): §7(§d§lГЛ.СТРОИТЕЛЬ§7)
[21:41:11] EleforCreate (uuid: ce89abce-4e57-309a-b594-056bd4299a3f): §7(§d§lГл.Строитель§7)
[21:41:12] EleforCreate (uuid: ce89abce-4e57-309a-b594-056bd4299a3f): §7(§d§lГЛ.СТРОИТЕЛЬ§7)
[21:41:15] EleforCreate (uuid: ce89abce-4e57-309a-b594-056bd4299a3f): §7(§d§lГл.Строитель§7)
[21:41:28] EleforCreate (uuid: ce89abce-4e57-309a-b594-056bd4299a3f): §7(§d§lГл.Строитель§7) §b sadsadsad
[21:41:32] Mum1a (uuid: 09761073-8743-38fa-b64d-7a8ec598e5b5): ааап
[21:41:34] Mum1a (uuid: 09761073-8743-38fa-b64d-7a8ec598e5b5): папл
[21:41:35] EleforCreate (uuid: ce89abce-4e57-309a-b594-056bd4299a3f): §7(§d§lГл.Строитель§7) §bnicl
[21:41:40] EleforCreate (uuid: ce89abce-4e57-309a-b594-056bd4299a3f): §7(§d§lГл.Строитель§7) §bnick
[21:42:31] EleforCreate (uuid: ce89abce-4e57-309a-b594-056bd4299a3f): §7(§d§lГл.Строитель§7) §bnick
[21:42:32] EleforCreate (uuid: ce89abce-4e57-309a-b594-056bd4299a3f): §7(§d§lГл.Строитель§7) §bnick
[21:42:34] EleforCreate (uuid: ce89abce-4e57-309a-b594-056bd4299a3f): &
[21:42:38] EleforCreate (uuid: ce89abce-4e57-309a-b594-056bd4299a3f): & 7
[21:42:42] EleforCreate (uuid: ce89abce-4e57-309a-b594-056bd4299a3f): §9
[21:42:46] EleforCreate (uuid: ce89abce-4e57-309a-b594-056bd4299a3f): §8
[21:42:52] EleforCreate (uuid: ce89abce-4e57-309a-b594-056bd4299a3f): §9 saddsa
[21:42:56] EleforCreate (uuid: ce89abce-4e57-309a-b594-056bd4299a3f): §f asdsa
[21:43:13] EleforCreate (uuid: ce89abce-4e57-309a-b594-056bd4299a3f): & asdsa
[21:43:19] Mum1a (uuid: 09761073-8743-38fa-b64d-7a8ec598e5b5): fdg
[21:43:25] EleforCreate (uuid: ce89abce-4e57-309a-b594-056bd4299a3f): §dsadsad
[21:43:30] Mum1a (uuid: 09761073-8743-38fa-b64d-7a8ec598e5b5): & dasfadfggds
[21:43:31] EleforCreate (uuid: ce89abce-4e57-309a-b594-056bd4299a3f): &§lsadsad
[21:43:33] Mum1a (uuid: 09761073-8743-38fa-b64d-7a8ec598e5b5): & 1 dasfadfggds
[21:43:36] EleforCreate (uuid: ce89abce-4e57-309a-b594-056bd4299a3f): §d§lsadsad
[21:43:50] Mum1a (uuid: 09761073-8743-38fa-b64d-7a8ec598e5b5): & 7 3521
[21:43:52] Mum1a (uuid: 09761073-8743-38fa-b64d-7a8ec598e5b5): & 7 fdfh
[21:43:53] Mum1a (uuid: 09761073-8743-38fa-b64d-7a8ec598e5b5): & 7 fdfh
[21:44:05] Mum1a (uuid: 09761073-8743-38fa-b64d-7a8ec598e5b5): Cyka
[21:44:14] Mum1a (uuid: 09761073-8743-38fa-b64d-7a8ec598e5b5): Gl Apxitector :D
[21:44:26] Frozentrone (uuid: e00eb9a1-fa93-3523-92fe-401ab2a2f9d1): s
[21:44:27] EleforCreate (uuid: ce89abce-4e57-309a-b594-056bd4299a3f): §d§lАрхитектор
[21:44:37] EleforCreate (uuid: ce89abce-4e57-309a-b594-056bd4299a3f): §d§lГл.Архитектор
[21:44:48] EleforCreate (uuid: ce89abce-4e57-309a-b594-056bd4299a3f): §1§lГл.Архитектор
[21:44:52] EleforCreate (uuid: ce89abce-4e57-309a-b594-056bd4299a3f): §2§lГл.Архитектор
[21:45:01] EleforCreate (uuid: ce89abce-4e57-309a-b594-056bd4299a3f): §3§lГл.Архитектор
[21:45:05] EleforCreate (uuid: ce89abce-4e57-309a-b594-056bd4299a3f): §4§lГл.Архитектор
[21:45:09] EleforCreate (uuid: ce89abce-4e57-309a-b594-056bd4299a3f): §5§lГл.Архитектор
[21:45:13] EleforCreate (uuid: ce89abce-4e57-309a-b594-056bd4299a3f): §6§lГл.Архитектор
[21:45:23] EleforCreate (uuid: ce89abce-4e57-309a-b594-056bd4299a3f): §7§lГл.Архитектор
[21:45:26] EleforCreate (uuid: ce89abce-4e57-309a-b594-056bd4299a3f): §8§lГл.Архитектор
[21:45:29] EleforCreate (uuid: ce89abce-4e57-309a-b594-056bd4299a3f): §9§lГл.Архитектор
[21:45:33] EleforCreate (uuid: ce89abce-4e57-309a-b594-056bd4299a3f): §a§lГл.Архитектор
[21:45:36] EleforCreate (uuid: ce89abce-4e57-309a-b594-056bd4299a3f): §b§lГл.Архитектор
[21:45:40] EleforCreate (uuid: ce89abce-4e57-309a-b594-056bd4299a3f): §c§lГл.Архитектор
[21:45:44] EleforCreate (uuid: ce89abce-4e57-309a-b594-056bd4299a3f): §d§lГл.Архитектор
[21:45:47] EleforCreate (uuid: ce89abce-4e57-309a-b594-056bd4299a3f): §e§lГл.Архитектор
[21:45:53] EleforCreate (uuid: ce89abce-4e57-309a-b594-056bd4299a3f): §f§lГл.Архитектор
[21:46:17] EleforCreate (uuid: ce89abce-4e57-309a-b594-056bd4299a3f): §b§lГл.Архитектор
[21:46:59] Annezlove (uuid: 8787a290-c8a7-3d07-8805-f3003bbdc0b5): t
[21:47:36] Frozentrone (uuid: e00eb9a1-fa93-3523-92fe-401ab2a2f9d1): S
[21:47:37] Annezlove (uuid: 8787a290-c8a7-3d07-8805-f3003bbdc0b5): f
[21:47:41] Annezlove (uuid: 8787a290-c8a7-3d07-8805-f3003bbdc0b5): f
[21:47:41] Mum1a (uuid: 09761073-8743-38fa-b64d-7a8ec598e5b5): g
[21:47:52] Annezlove (uuid: 8787a290-c8a7-3d07-8805-f3003bbdc0b5): f
[21:47:56] Mum1a (uuid: 09761073-8743-38fa-b64d-7a8ec598e5b5): & 1 fg
[21:48:01] Mum1a (uuid: 09761073-8743-38fa-b64d-7a8ec598e5b5): §4 ghgj
[21:48:09] Mum1a (uuid: 09761073-8743-38fa-b64d-7a8ec598e5b5): §8 хуй
[21:48:13] Mum1a (uuid: 09761073-8743-38fa-b64d-7a8ec598e5b5): §7 хуй
[21:48:16] Mum1a (uuid: 09761073-8743-38fa-b64d-7a8ec598e5b5): §6 хуй
[21:48:19] Mum1a (uuid: 09761073-8743-38fa-b64d-7a8ec598e5b5): §5 хуй
[21:48:22] Mum1a (uuid: 09761073-8743-38fa-b64d-7a8ec598e5b5): §4
[21:48:23] Mum1a (uuid: 09761073-8743-38fa-b64d-7a8ec598e5b5): §4 хуй
[21:48:25] Frozentrone (uuid: e00eb9a1-fa93-3523-92fe-401ab2a2f9d1): S
[21:48:27] Mum1a (uuid: 09761073-8743-38fa-b64d-7a8ec598e5b5): хуй
[21:48:27] EleforCreate (uuid: ce89abce-4e57-309a-b594-056bd4299a3f): 123
[21:48:29] Mum1a (uuid: 09761073-8743-38fa-b64d-7a8ec598e5b5): 123
[21:48:34] Frozentrone (uuid: e00eb9a1-fa93-3523-92fe-401ab2a2f9d1): 1234
[21:48:39] Mum1a (uuid: 09761073-8743-38fa-b64d-7a8ec598e5b5): §2 XYU
[21:48:51] EleforCreate (uuid: ce89abce-4e57-309a-b594-056bd4299a3f): 123
[21:48:53] Mum1a (uuid: 09761073-8743-38fa-b64d-7a8ec598e5b5): 123412
[21:48:54] Mum1a (uuid: 09761073-8743-38fa-b64d-7a8ec598e5b5): 2153
[21:48:55] Mum1a (uuid: 09761073-8743-38fa-b64d-7a8ec598e5b5): rfghf
[21:48:58] Annezlove (uuid: 8787a290-c8a7-3d07-8805-f3003bbdc0b5): f
[21:49:06] Mum1a (uuid: 09761073-8743-38fa-b64d-7a8ec598e5b5): & 12 gfh
[21:49:12] Mum1a (uuid: 09761073-8743-38fa-b64d-7a8ec598e5b5): §12 fhfh
[21:49:16] Mum1a (uuid: 09761073-8743-38fa-b64d-7a8ec598e5b5): §1 fh
[21:50:08] Annezlove (uuid: 8787a290-c8a7-3d07-8805-f3003bbdc0b5): f
[21:50:10] Mum1a (uuid: 09761073-8743-38fa-b64d-7a8ec598e5b5): f
[21:51:16] Mum1a (uuid: 09761073-8743-38fa-b64d-7a8ec598e5b5): & 1
[21:51:18] Mum1a (uuid: 09761073-8743-38fa-b64d-7a8ec598e5b5): §1 h
[21:51:22] Mum1a (uuid: 09761073-8743-38fa-b64d-7a8ec598e5b5): §1 hyй
[21:51:28] Mum1a (uuid: 09761073-8743-38fa-b64d-7a8ec598e5b5): §1 привет пацаныы!!
[21:51:34] Mum1a (uuid: 09761073-8743-38fa-b64d-7a8ec598e5b5): §1 ЫЫЫЫЫЫЫЫЫЫЫЫЫЫЫЫЫЫЫЫЫЫЫЫЫЫЫЫЫЫЫЫЫЫЫЫЫЫЫ
[21:51:44] Mum1a (uuid: 09761073-8743-38fa-b64d-7a8ec598e5b5): §1 Гл админ хуй сосет
[21:52:36] Mum1a (uuid: 09761073-8743-38fa-b64d-7a8ec598e5b5): а
[21:52:38] Mum1a (uuid: 09761073-8743-38fa-b64d-7a8ec598e5b5): хуйс
[21:52:51] Mum1a (uuid: 09761073-8743-38fa-b64d-7a8ec598e5b5): & minecraft
[21:52:54] Mum1a (uuid: 09761073-8743-38fa-b64d-7a8ec598e5b5): §1 minecraft
[21:52:58] Mum1a (uuid: 09761073-8743-38fa-b64d-7a8ec598e5b5): §4 minecraft
[21:53:04] Mum1a (uuid: 09761073-8743-38fa-b64d-7a8ec598e5b5): §5 minecraft
[21:53:09] Mum1a (uuid: 09761073-8743-38fa-b64d-7a8ec598e5b5): §6 minecraft
[21:53:37] EleforCreate (uuid: ce89abce-4e57-309a-b594-056bd4299a3f): 123
[21:53:37] Frozentrone (uuid: e00eb9a1-fa93-3523-92fe-401ab2a2f9d1): s
[21:53:37] Annezlove (uuid: 8787a290-c8a7-3d07-8805-f3003bbdc0b5): f
[21:53:38] Mum1a (uuid: 09761073-8743-38fa-b64d-7a8ec598e5b5): f
[21:55:57] EleforCreate (uuid: ce89abce-4e57-309a-b594-056bd4299a3f): https://vk.com/fineworldmc
[21:55:59] EleforCreate (uuid: ce89abce-4e57-309a-b594-056bd4299a3f): https://vk.com/fineworldmc
[21:55:59] EleforCreate (uuid: ce89abce-4e57-309a-b594-056bd4299a3f): https://vk.com/fineworldmc
[21:56:02] Mum1a (uuid: 09761073-8743-38fa-b64d-7a8ec598e5b5): f
[21:56:03] Mum1a (uuid: 09761073-8743-38fa-b64d-7a8ec598e5b5): f
[21:56:03] Mum1a (uuid: 09761073-8743-38fa-b64d-7a8ec598e5b5): ff
[21:56:12] EleforCreate (uuid: ce89abce-4e57-309a-b594-056bd4299a3f): 123
[21:56:26] EleforCreate (uuid: ce89abce-4e57-309a-b594-056bd4299a3f): https://vk.com/fineworldmc
[21:56:27] EleforCreate (uuid: ce89abce-4e57-309a-b594-056bd4299a3f): https://vk.com/fineworldmc
[21:56:28] EleforCreate (uuid: ce89abce-4e57-309a-b594-056bd4299a3f): https://vk.com/fineworldmc
[21:56:29] EleforCreate (uuid: ce89abce-4e57-309a-b594-056bd4299a3f): https://vk.com/fineworldmc
[21:56:29] EleforCreate (uuid: ce89abce-4e57-309a-b594-056bd4299a3f): https://vk.com/fineworldmc
[21:56:29] EleforCreate (uuid: ce89abce-4e57-309a-b594-056bd4299a3f): https://vk.com/fineworldmc
[21:56:30] EleforCreate (uuid: ce89abce-4e57-309a-b594-056bd4299a3f): https://vk.com/fineworldmc
[21:56:30] EleforCreate (uuid: ce89abce-4e57-309a-b594-056bd4299a3f): https://vk.com/fineworldmc
[21:56:30] EleforCreate (uuid: ce89abce-4e57-309a-b594-056bd4299a3f): https://vk.com/fineworldmc
[21:56:31] EleforCreate (uuid: ce89abce-4e57-309a-b594-056bd4299a3f): https://vk.com/fineworldmc
[21:56:31] EleforCreate (uuid: ce89abce-4e57-309a-b594-056bd4299a3f): https://vk.com/fineworldmc
[21:56:32] EleforCreate (uuid: ce89abce-4e57-309a-b594-056bd4299a3f): https://vk.com/fineworldmc
[21:56:32] EleforCreate (uuid: ce89abce-4e57-309a-b594-056bd4299a3f): https://vk.com/fineworldmc
[21:56:33] EleforCreate (uuid: ce89abce-4e57-309a-b594-056bd4299a3f): https://vk.com/fineworldmc
[21:56:33] EleforCreate (uuid: ce89abce-4e57-309a-b594-056bd4299a3f): https://vk.com/fineworldmc
[21:56:33] EleforCreate (uuid: ce89abce-4e57-309a-b594-056bd4299a3f): https://vk.com/fineworldmc
[21:56:34] EleforCreate (uuid: ce89abce-4e57-309a-b594-056bd4299a3f): https://vk.com/fineworldmc
[21:56:48] EleforCreate (uuid: ce89abce-4e57-309a-b594-056bd4299a3f): https://vk.com/fineworldmc
[21:56:49] EleforCreate (uuid: ce89abce-4e57-309a-b594-056bd4299a3f): https://vk.com/fineworldmc
[21:56:49] EleforCreate (uuid: ce89abce-4e57-309a-b594-056bd4299a3f): https://vk.com/fineworldmc
[21:57:29] Annezlove (uuid: 8787a290-c8a7-3d07-8805-f3003bbdc0b5): f
[21:58:01] Annezlove (uuid: 8787a290-c8a7-3d07-8805-f3003bbdc0b5): f
[21:58:02] Frozentrone (uuid: e00eb9a1-fa93-3523-92fe-401ab2a2f9d1): a
[21:58:13] Annezlove (uuid: 8787a290-c8a7-3d07-8805-f3003bbdc0b5): fff
[21:58:13] Mum1a (uuid: 09761073-8743-38fa-b64d-7a8ec598e5b5): yi chOOO ??
[21:58:19] Frozentrone (uuid: e00eb9a1-fa93-3523-92fe-401ab2a2f9d1): Aa
[21:58:40] Annezlove (uuid: 8787a290-c8a7-3d07-8805-f3003bbdc0b5): f
[22:08:40] EleforCreate (uuid: ce89abce-4e57-309a-b594-056bd4299a3f): Mikket
[22:31:35] EleforCreate (uuid: ce89abce-4e57-309a-b594-056bd4299a3f): https://vk.com/fineworldmc
[22:31:36] EleforCreate (uuid: ce89abce-4e57-309a-b594-056bd4299a3f): https://vk.com/fineworldmc
[22:31:37] EleforCreate (uuid: ce89abce-4e57-309a-b594-056bd4299a3f): https://vk.com/fineworldmc
[22:31:37] EleforCreate (uuid: ce89abce-4e57-309a-b594-056bd4299a3f): https://vk.com/fineworldmc
[22:31:37] EleforCreate (uuid: ce89abce-4e57-309a-b594-056bd4299a3f): https://vk.com/fineworldmc
[22:31:46] Mum1a (uuid: 09761073-8743-38fa-b64d-7a8ec598e5b5): f
[22:31:47] Mum1a (uuid: 09761073-8743-38fa-b64d-7a8ec598e5b5): f
[22:31:53] Mum1a (uuid: 09761073-8743-38fa-b64d-7a8ec598e5b5): & вы все пидоры
[22:31:58] Mum1a (uuid: 09761073-8743-38fa-b64d-7a8ec598e5b5): §5 вы все пидоры
[23:02:27] EleforCreate (uuid: ce89abce-4e57-309a-b594-056bd4299a3f): .//hcyl
[23:45:37] Frozentrone (uuid: e00eb9a1-fa93-3523-92fe-401ab2a2f9d1): Членострел
[23:45:50] Frozentrone (uuid: e00eb9a1-fa93-3523-92fe-401ab2a2f9d1): Членострел
