[17:54:09] Mum1a (uuid: 09761073-8743-38fa-b64d-7a8ec598e5b5): эмм..
[17:54:10] Mum1a (uuid: 09761073-8743-38fa-b64d-7a8ec598e5b5): )
[17:54:23] EleforCreate (uuid: ce89abce-4e57-309a-b594-056bd4299a3f): Здарова
[17:54:27] Mum1a (uuid: 09761073-8743-38fa-b64d-7a8ec598e5b5): уберай
[17:54:33] Mum1a (uuid: 09761073-8743-38fa-b64d-7a8ec598e5b5): нафиг это )
[17:54:46] Mum1a (uuid: 09761073-8743-38fa-b64d-7a8ec598e5b5): в дс
[17:54:51] Mum1a (uuid: 09761073-8743-38fa-b64d-7a8ec598e5b5): ауу
[17:54:56] Mum1a (uuid: 09761073-8743-38fa-b64d-7a8ec598e5b5): в ддсссс
[18:15:44] EleforCreate (uuid: ce89abce-4e57-309a-b594-056bd4299a3f): Так?
[18:15:56] EleforCreate (uuid: ce89abce-4e57-309a-b594-056bd4299a3f): §7Или нет?
[18:16:13] EleforCreate (uuid: ce89abce-4e57-309a-b594-056bd4299a3f): §7Ты все хочешь заделать
[18:16:16] Mum1a (uuid: 09761073-8743-38fa-b64d-7a8ec598e5b5): +
[18:17:36] EleforCreate (uuid: ce89abce-4e57-309a-b594-056bd4299a3f): MUMIA
[18:23:03] EleforCreate (uuid: ce89abce-4e57-309a-b594-056bd4299a3f): §7(§c§lВсевластный сексолог§7)
[18:23:09] EleforCreate (uuid: ce89abce-4e57-309a-b594-056bd4299a3f): §7(§d§lВсевластный сексолог§7)
[18:23:14] EleforCreate (uuid: ce89abce-4e57-309a-b594-056bd4299a3f): §7(§d§lВсевластный сексолог§7)§c fdfdfdfd
[18:23:25] mitiazavr (uuid: 3ad49e4a-aa06-3352-9c3a-9ad66b1b9c89): выебу всех и всегда
[18:27:12] EleforCreate (uuid: ce89abce-4e57-309a-b594-056bd4299a3f): 123123
[18:31:36] mitiazavr (uuid: 3ad49e4a-aa06-3352-9c3a-9ad66b1b9c89): f
[18:31:55] mitiazavr (uuid: 3ad49e4a-aa06-3352-9c3a-9ad66b1b9c89): g
[18:33:07] EleforCreate (uuid: ce89abce-4e57-309a-b594-056bd4299a3f): §7(§d§lВсевластный сексолог§7)§c fdfdfdfd
[18:33:08] EleforCreate (uuid: ce89abce-4e57-309a-b594-056bd4299a3f): §7(§d§lВсевластный сексолог§7)§c fdfdfdfd
[18:33:09] EleforCreate (uuid: ce89abce-4e57-309a-b594-056bd4299a3f): §7(§d§lВсевластный сексолог§7)§c fdfdfdfd
[18:33:13] mitiazavr (uuid: 3ad49e4a-aa06-3352-9c3a-9ad66b1b9c89): gg
[18:33:29] mitiazavr (uuid: 3ad49e4a-aa06-3352-9c3a-9ad66b1b9c89): tgf
[18:34:24] Mum1a (uuid: 09761073-8743-38fa-b64d-7a8ec598e5b5): xyu
[18:34:52] mitiazavr (uuid: 3ad49e4a-aa06-3352-9c3a-9ad66b1b9c89): j lf
[19:00:32] Mum1a (uuid: 09761073-8743-38fa-b64d-7a8ec598e5b5): и так
[19:00:48] Mum1a (uuid: 09761073-8743-38fa-b64d-7a8ec598e5b5): вы 2 пидора которые хотите детей да ?
[19:31:18] Frozentrone (uuid: e00eb9a1-fa93-3523-92fe-401ab2a2f9d1): Блять меня нет :D
[19:31:24] Frozentrone (uuid: e00eb9a1-fa93-3523-92fe-401ab2a2f9d1): Блять меня нет :D
[19:38:42] EleforCreate (uuid: ce89abce-4e57-309a-b594-056bd4299a3f): НИКИТА
[19:41:09] EleforCreate (uuid: ce89abce-4e57-309a-b594-056bd4299a3f): http://fine-w.ru
[19:41:10] EleforCreate (uuid: ce89abce-4e57-309a-b594-056bd4299a3f): http://fine-w.ru
[19:41:10] EleforCreate (uuid: ce89abce-4e57-309a-b594-056bd4299a3f): http://fine-w.ru
[19:41:10] EleforCreate (uuid: ce89abce-4e57-309a-b594-056bd4299a3f): http://fine-w.ru
[19:41:11] EleforCreate (uuid: ce89abce-4e57-309a-b594-056bd4299a3f): http://fine-w.ru
[19:41:11] EleforCreate (uuid: ce89abce-4e57-309a-b594-056bd4299a3f): http://fine-w.ru
[19:41:11] EleforCreate (uuid: ce89abce-4e57-309a-b594-056bd4299a3f): http://fine-w.ru
[19:41:12] EleforCreate (uuid: ce89abce-4e57-309a-b594-056bd4299a3f): http://fine-w.ru
[19:41:12] EleforCreate (uuid: ce89abce-4e57-309a-b594-056bd4299a3f): http://fine-w.ru
[19:41:12] EleforCreate (uuid: ce89abce-4e57-309a-b594-056bd4299a3f): http://fine-w.ru
[19:43:00] Mum1a (uuid: 09761073-8743-38fa-b64d-7a8ec598e5b5): v
[19:44:48] EleforCreate (uuid: ce89abce-4e57-309a-b594-056bd4299a3f): 123
[19:45:07] EleforCreate (uuid: ce89abce-4e57-309a-b594-056bd4299a3f): 12323132
[19:45:08] EleforCreate (uuid: ce89abce-4e57-309a-b594-056bd4299a3f): 12312
[19:45:20] Mum1a (uuid: 09761073-8743-38fa-b64d-7a8ec598e5b5): §1 dsigjo[psg
[19:45:26] Mum1a (uuid: 09761073-8743-38fa-b64d-7a8ec598e5b5): §1 саня хуй соси
[19:45:48] EleforCreate (uuid: ce89abce-4e57-309a-b594-056bd4299a3f): 123
[19:45:57] EleforCreate (uuid: ce89abce-4e57-309a-b594-056bd4299a3f): wqe
[19:46:05] EleforCreate (uuid: ce89abce-4e57-309a-b594-056bd4299a3f): 21321321
[19:46:11] EleforCreate (uuid: ce89abce-4e57-309a-b594-056bd4299a3f): 123123\t
[19:46:21] EleforCreate (uuid: ce89abce-4e57-309a-b594-056bd4299a3f): vfgdhsjk'
[19:46:27] EleforCreate (uuid: ce89abce-4e57-309a-b594-056bd4299a3f): vfgdhsjk'
[19:48:05] EleforCreate (uuid: ce89abce-4e57-309a-b594-056bd4299a3f): 3123
[19:48:25] EleforCreate (uuid: ce89abce-4e57-309a-b594-056bd4299a3f): 213312
[19:48:42] EleforCreate (uuid: ce89abce-4e57-309a-b594-056bd4299a3f): §cТехнарь -
[19:48:48] EleforCreate (uuid: ce89abce-4e57-309a-b594-056bd4299a3f): §cТехнарь§7 -
[19:49:07] EleforCreate (uuid: ce89abce-4e57-309a-b594-056bd4299a3f): 12321
[19:49:34] EleforCreate (uuid: ce89abce-4e57-309a-b594-056bd4299a3f): t12331
[19:56:59] EleforCreate (uuid: ce89abce-4e57-309a-b594-056bd4299a3f): §a
[19:57:02] EleforCreate (uuid: ce89abce-4e57-309a-b594-056bd4299a3f): §a fujdiskhjkl
[19:57:05] EleforCreate (uuid: ce89abce-4e57-309a-b594-056bd4299a3f): §b fujdiskhjkl
[19:57:08] EleforCreate (uuid: ce89abce-4e57-309a-b594-056bd4299a3f): §c fujdiskhjkl
[19:57:12] EleforCreate (uuid: ce89abce-4e57-309a-b594-056bd4299a3f): §d fujdiskhjkl
[19:57:15] EleforCreate (uuid: ce89abce-4e57-309a-b594-056bd4299a3f): §e fujdiskhjkl
[20:00:37] EleforCreate (uuid: ce89abce-4e57-309a-b594-056bd4299a3f): dsdffd\nsdfdsfd
[20:00:45] EleforCreate (uuid: ce89abce-4e57-309a-b594-056bd4299a3f): dsdffd \n sdfdsfd
[20:14:16] EleforCreate (uuid: ce89abce-4e57-309a-b594-056bd4299a3f): .//redo
[20:15:40] EleforCreate (uuid: ce89abce-4e57-309a-b594-056bd4299a3f): 123
[21:03:32] Frozentrone (uuid: e00eb9a1-fa93-3523-92fe-401ab2a2f9d1): ПОРНО ПОРНО ВЕСЕЛО ЗАДОРНО
[21:03:44] Frozentrone (uuid: e00eb9a1-fa93-3523-92fe-401ab2a2f9d1): ПОРНО ПОРНО ВЕСЕЛО ЗАДОРНО
[21:03:44] Frozentrone (uuid: e00eb9a1-fa93-3523-92fe-401ab2a2f9d1): ПОРНО ПОРНО ВЕСЕЛО ЗАДОРНО
[21:03:45] Frozentrone (uuid: e00eb9a1-fa93-3523-92fe-401ab2a2f9d1): ПОРНО ПОРНО ВЕСЕЛО ЗАДОРНО
[21:13:20] EleforCreate (uuid: ce89abce-4e57-309a-b594-056bd4299a3f): ahuyel?
[21:30:29] Mum1a (uuid: 09761073-8743-38fa-b64d-7a8ec598e5b5): f
[21:30:32] Mum1a (uuid: 09761073-8743-38fa-b64d-7a8ec598e5b5): емааа
[21:34:57] EleforCreate (uuid: ce89abce-4e57-309a-b594-056bd4299a3f): §0 xuy
[21:35:02] EleforCreate (uuid: ce89abce-4e57-309a-b594-056bd4299a3f): §8 xuy
