[01:25:59] Mum1a (uuid: 09761073-8743-38fa-b64d-7a8ec598e5b5): §5 PARADOX ][YU COCEY
[01:26:01] Mum1a (uuid: 09761073-8743-38fa-b64d-7a8ec598e5b5): §5 PARADOX ][YU COCET
[01:26:05] Mum1a (uuid: 09761073-8743-38fa-b64d-7a8ec598e5b5): §5 PARADOX ][YU COCET
[01:26:07] Mum1a (uuid: 09761073-8743-38fa-b64d-7a8ec598e5b5): §5 PARADOX ][YU COCET
[01:26:08] Mum1a (uuid: 09761073-8743-38fa-b64d-7a8ec598e5b5): §5 PARADOX ][YU COCET
[01:26:08] Mum1a (uuid: 09761073-8743-38fa-b64d-7a8ec598e5b5): §5 PARADOX ][YU COCET
[01:26:18] paradoxGrKek (uuid: e455d052-62bf-3084-868e-cb5a2d449f97): нахуй пошел
[01:31:01] paradoxGrKek (uuid: e455d052-62bf-3084-868e-cb5a2d449f97): d
[01:31:06] Mum1a (uuid: 09761073-8743-38fa-b64d-7a8ec598e5b5): f
[01:31:13] Frozentrone (uuid: e00eb9a1-fa93-3523-92fe-401ab2a2f9d1): Fff
[01:31:18] paradoxGrKek (uuid: e455d052-62bf-3084-868e-cb5a2d449f97): osidhf
[01:31:23] paradoxGrKek (uuid: e455d052-62bf-3084-868e-cb5a2d449f97): f
[01:31:31] Mum1a (uuid: 09761073-8743-38fa-b64d-7a8ec598e5b5): §5 PARADOX ][YU COCET
[01:31:32] Mum1a (uuid: 09761073-8743-38fa-b64d-7a8ec598e5b5): §5 PARADOX ][YU COCET
[01:31:33] Mum1a (uuid: 09761073-8743-38fa-b64d-7a8ec598e5b5): §5 PARADOX ][YU COCET
[01:31:33] Mum1a (uuid: 09761073-8743-38fa-b64d-7a8ec598e5b5): §5 PARADOX ][YU COCET
[01:31:34] Mum1a (uuid: 09761073-8743-38fa-b64d-7a8ec598e5b5): §5 PARADOX ][YU COCET
[01:31:35] Mum1a (uuid: 09761073-8743-38fa-b64d-7a8ec598e5b5): §5 PARADOX ][YU COCET
[02:02:53] Frozentrone (uuid: e00eb9a1-fa93-3523-92fe-401ab2a2f9d1): На хуй иди
[02:02:58] EleforCreate (uuid: ce89abce-4e57-309a-b594-056bd4299a3f): ./tree
[02:03:00] Frozentrone (uuid: e00eb9a1-fa93-3523-92fe-401ab2a2f9d1): 3
[02:05:53] EleforCreate (uuid: ce89abce-4e57-309a-b594-056bd4299a3f): .//deltree
[02:05:59] Frozentrone (uuid: e00eb9a1-fa93-3523-92fe-401ab2a2f9d1): .//deltree
[13:50:32] EleforCreate (uuid: ce89abce-4e57-309a-b594-056bd4299a3f): n
[13:50:37] EleforCreate (uuid: ce89abce-4e57-309a-b594-056bd4299a3f): §fn
[13:51:57] EleforCreate (uuid: ce89abce-4e57-309a-b594-056bd4299a3f): §fn
[14:22:59] EleforCreate (uuid: ce89abce-4e57-309a-b594-056bd4299a3f): Ты хуй
[14:23:05] mitiazavr (uuid: 3ad49e4a-aa06-3352-9c3a-9ad66b1b9c89): ахуеть
[14:23:08] EleforCreate (uuid: ce89abce-4e57-309a-b594-056bd4299a3f): Иди в дискорд
[14:24:56] mitiazavr (uuid: 3ad49e4a-aa06-3352-9c3a-9ad66b1b9c89): ахуеть
[14:34:37] paradoxGrKek (uuid: e455d052-62bf-3084-868e-cb5a2d449f97): rytp
[14:41:51] EleforCreate (uuid: ce89abce-4e57-309a-b594-056bd4299a3f): 123
[14:42:03] mitiazavr (uuid: 3ad49e4a-aa06-3352-9c3a-9ad66b1b9c89): 456
[14:42:10] Mum1a (uuid: 09761073-8743-38fa-b64d-7a8ec598e5b5): §5 сосите хуй
[14:42:19] mitiazavr (uuid: 3ad49e4a-aa06-3352-9c3a-9ad66b1b9c89): НАХ ПОШЁЛ
[14:50:35] Frozentrone (uuid: e00eb9a1-fa93-3523-92fe-401ab2a2f9d1): Хуй?
[14:54:03] Mum1a (uuid: 09761073-8743-38fa-b64d-7a8ec598e5b5): h
[15:01:56] EleforCreate (uuid: ce89abce-4e57-309a-b594-056bd4299a3f): .//replace 0 2
[15:02:03] EleforCreate (uuid: ce89abce-4e57-309a-b594-056bd4299a3f): §7//replace 0 2
[15:04:30] paradoxGrKek (uuid: e455d052-62bf-3084-868e-cb5a2d449f97): df[f[
[15:04:38] mitiazavr (uuid: 3ad49e4a-aa06-3352-9c3a-9ad66b1b9c89): f
[15:05:07] EleforCreate (uuid: ce89abce-4e57-309a-b594-056bd4299a3f): y123
[15:05:11] paradoxGrKek (uuid: e455d052-62bf-3084-868e-cb5a2d449f97): f
[15:06:03] Frozentrone (uuid: e00eb9a1-fa93-3523-92fe-401ab2a2f9d1): Ss
[15:06:10] paradoxGrKek (uuid: e455d052-62bf-3084-868e-cb5a2d449f97): ss
[15:06:10] Frozentrone (uuid: e00eb9a1-fa93-3523-92fe-401ab2a2f9d1): Eeeboy
[15:06:19] Mum1a (uuid: 09761073-8743-38fa-b64d-7a8ec598e5b5):  g
[15:06:24] EleforCreate (uuid: ce89abce-4e57-309a-b594-056bd4299a3f): 123
[15:06:25] Mum1a (uuid: 09761073-8743-38fa-b64d-7a8ec598e5b5):  §5 xDDD
[15:06:35] Mum1a (uuid: 09761073-8743-38fa-b64d-7a8ec598e5b5):  §5 xDDD
[15:06:35] EleforCreate (uuid: ce89abce-4e57-309a-b594-056bd4299a3f): 123
[15:07:29] EleforCreate (uuid: ce89abce-4e57-309a-b594-056bd4299a3f): ./suicide
[15:07:34] EleforCreate (uuid: ce89abce-4e57-309a-b594-056bd4299a3f): §7/suicide
[15:07:55] paradoxGrKek (uuid: e455d052-62bf-3084-868e-cb5a2d449f97): f
[15:08:04] Mum1a (uuid: 09761073-8743-38fa-b64d-7a8ec598e5b5): §AAHHAHAH ПОНИ ГОВНО
[15:08:17] Frozentrone (uuid: e00eb9a1-fa93-3523-92fe-401ab2a2f9d1): Ты ахуел?
[15:08:27] Mum1a (uuid: 09761073-8743-38fa-b64d-7a8ec598e5b5): §5 check CLAAN SYKA
[15:08:48] paradoxGrKek (uuid: e455d052-62bf-3084-868e-cb5a2d449f97): ti ahuel?
[15:09:01] mitiazavr (uuid: 3ad49e4a-aa06-3352-9c3a-9ad66b1b9c89): чё пацаны анимке
[15:09:34] EleforCreate (uuid: ce89abce-4e57-309a-b594-056bd4299a3f): 123
[15:09:49] Mum1a (uuid: 09761073-8743-38fa-b64d-7a8ec598e5b5): §5 check clan
[15:09:50] Mum1a (uuid: 09761073-8743-38fa-b64d-7a8ec598e5b5): §5 check clan
[15:09:50] Mum1a (uuid: 09761073-8743-38fa-b64d-7a8ec598e5b5): §5 check clan
[15:09:51] Mum1a (uuid: 09761073-8743-38fa-b64d-7a8ec598e5b5): §5 check clan
[15:09:52] Mum1a (uuid: 09761073-8743-38fa-b64d-7a8ec598e5b5): §5 check clan
[15:09:52] Mum1a (uuid: 09761073-8743-38fa-b64d-7a8ec598e5b5): §5 check clan
[15:10:02] Frozentrone (uuid: e00eb9a1-fa93-3523-92fe-401ab2a2f9d1): Ыу
[15:10:17] Mum1a (uuid: 09761073-8743-38fa-b64d-7a8ec598e5b5): §4Tu
[15:11:02] Annezlove (uuid: 8787a290-c8a7-3d07-8805-f3003bbdc0b5): дебилы
[15:11:15] Mum1a (uuid: 09761073-8743-38fa-b64d-7a8ec598e5b5): §5 check CLAAN ON RAZNOCVETNIU
[15:11:16] Mum1a (uuid: 09761073-8743-38fa-b64d-7a8ec598e5b5): §5 check CLAAN ON RAZNOCVETNIU
[15:11:17] Mum1a (uuid: 09761073-8743-38fa-b64d-7a8ec598e5b5): §5 check CLAAN ON RAZNOCVETNIU
[15:11:17] Mum1a (uuid: 09761073-8743-38fa-b64d-7a8ec598e5b5): §5 check CLAAN ON RAZNOCVETNIU
[15:11:43] Mum1a (uuid: 09761073-8743-38fa-b64d-7a8ec598e5b5): §5 check CLAAN ON RAZNOCVETNIU
[15:11:43] Mum1a (uuid: 09761073-8743-38fa-b64d-7a8ec598e5b5): §5 check CLAAN ON RAZNOCVETNIU
[15:12:25] mitiazavr (uuid: 3ad49e4a-aa06-3352-9c3a-9ad66b1b9c89): хах
[15:12:29] Mum1a (uuid: 09761073-8743-38fa-b64d-7a8ec598e5b5): §5 check CLAAN ON RAZNOCVETNIU
[15:12:45] Frozentrone (uuid: e00eb9a1-fa93-3523-92fe-401ab2a2f9d1): Klan PonySex top1
[15:13:15] paradoxGrKek (uuid: e455d052-62bf-3084-868e-cb5a2d449f97): ./lighting
[15:13:15] Mum1a (uuid: 09761073-8743-38fa-b64d-7a8ec598e5b5): gfdlhnkd;fh
[15:15:20] mitiazavr (uuid: 3ad49e4a-aa06-3352-9c3a-9ad66b1b9c89): r
[15:18:30] paradoxGrKek (uuid: e455d052-62bf-3084-868e-cb5a2d449f97): ./ebal balance
[15:56:34] mitiazavr (uuid: 3ad49e4a-aa06-3352-9c3a-9ad66b1b9c89): сексолог
[15:57:00] mitiazavr (uuid: 3ad49e4a-aa06-3352-9c3a-9ad66b1b9c89): сексолог
[16:58:32] mitiazavr (uuid: 3ad49e4a-aa06-3352-9c3a-9ad66b1b9c89): rs
[16:58:41] Frozentrone (uuid: e00eb9a1-fa93-3523-92fe-401ab2a2f9d1): S
[17:00:38] paradoxGrKek (uuid: e455d052-62bf-3084-868e-cb5a2d449f97): f
[17:00:44] mitiazavr (uuid: 3ad49e4a-aa06-3352-9c3a-9ad66b1b9c89): f
[17:00:53] paradoxGrKek (uuid: e455d052-62bf-3084-868e-cb5a2d449f97): f
[17:02:46] mitiazavr (uuid: 3ad49e4a-aa06-3352-9c3a-9ad66b1b9c89): ТОБI
[17:02:52] Mum1a (uuid: 09761073-8743-38fa-b64d-7a8ec598e5b5): а
[17:02:52] Mum1a (uuid: 09761073-8743-38fa-b64d-7a8ec598e5b5): а
[17:02:53] Mum1a (uuid: 09761073-8743-38fa-b64d-7a8ec598e5b5): а
[17:02:53] Mum1a (uuid: 09761073-8743-38fa-b64d-7a8ec598e5b5): а
[17:02:54] Mum1a (uuid: 09761073-8743-38fa-b64d-7a8ec598e5b5): а
[17:02:55] mitiazavr (uuid: 3ad49e4a-aa06-3352-9c3a-9ad66b1b9c89): ПIЗДА
[17:03:00] paradoxGrKek (uuid: e455d052-62bf-3084-868e-cb5a2d449f97): f
[17:03:01] paradoxGrKek (uuid: e455d052-62bf-3084-868e-cb5a2d449f97): f
[17:03:02] paradoxGrKek (uuid: e455d052-62bf-3084-868e-cb5a2d449f97): f
[17:04:51] Frozentrone (uuid: e00eb9a1-fa93-3523-92fe-401ab2a2f9d1): Бляьт
[17:04:59] Mum1a (uuid: 09761073-8743-38fa-b64d-7a8ec598e5b5): сосать
[17:05:01] Mum1a (uuid: 09761073-8743-38fa-b64d-7a8ec598e5b5): сосать
[17:05:01] Mum1a (uuid: 09761073-8743-38fa-b64d-7a8ec598e5b5): сосать
[17:05:02] paradoxGrKek (uuid: e455d052-62bf-3084-868e-cb5a2d449f97): f
[17:05:28] Mum1a (uuid: 09761073-8743-38fa-b64d-7a8ec598e5b5): §5 CAM IDI NA XYU
[17:05:28] Mum1a (uuid: 09761073-8743-38fa-b64d-7a8ec598e5b5): §5 CAM IDI NA XYU
[17:05:29] Mum1a (uuid: 09761073-8743-38fa-b64d-7a8ec598e5b5): §5 CAM IDI NA XYU
[17:05:47] Frozentrone (uuid: e00eb9a1-fa93-3523-92fe-401ab2a2f9d1): Ыыы
[17:07:52] Mum1a (uuid: 09761073-8743-38fa-b64d-7a8ec598e5b5): §3 xDDDD
[17:12:34] Mum1a (uuid: 09761073-8743-38fa-b64d-7a8ec598e5b5): f
[17:12:36] Mum1a (uuid: 09761073-8743-38fa-b64d-7a8ec598e5b5): dfpikfh
[17:13:43] paradoxGrKek (uuid: e455d052-62bf-3084-868e-cb5a2d449f97): f
[17:13:54] mitiazavr (uuid: 3ad49e4a-aa06-3352-9c3a-9ad66b1b9c89): f
[17:14:14] paradoxGrKek (uuid: e455d052-62bf-3084-868e-cb5a2d449f97): f
[17:14:57] mitiazavr (uuid: 3ad49e4a-aa06-3352-9c3a-9ad66b1b9c89): f
[17:15:07] Mum1a (uuid: 09761073-8743-38fa-b64d-7a8ec598e5b5): f
[17:15:07] paradoxGrKek (uuid: e455d052-62bf-3084-868e-cb5a2d449f97): f
[17:15:11] mitiazavr (uuid: 3ad49e4a-aa06-3352-9c3a-9ad66b1b9c89): rf
[17:15:13] Mum1a (uuid: 09761073-8743-38fa-b64d-7a8ec598e5b5): [OJDFSGBPSFH
[17:15:16] Mum1a (uuid: 09761073-8743-38fa-b64d-7a8ec598e5b5): §5 OJDFBDH;TEJ
[17:15:24] mitiazavr (uuid: 3ad49e4a-aa06-3352-9c3a-9ad66b1b9c89): gg
[17:15:25] Mum1a (uuid: 09761073-8743-38fa-b64d-7a8ec598e5b5): dfpnihodfph
[17:15:50] mitiazavr (uuid: 3ad49e4a-aa06-3352-9c3a-9ad66b1b9c89): f
[17:15:57] mitiazavr (uuid: 3ad49e4a-aa06-3352-9c3a-9ad66b1b9c89): f
[17:16:07] mitiazavr (uuid: 3ad49e4a-aa06-3352-9c3a-9ad66b1b9c89): f
[17:16:32] mitiazavr (uuid: 3ad49e4a-aa06-3352-9c3a-9ad66b1b9c89): f
[17:16:41] paradoxGrKek (uuid: e455d052-62bf-3084-868e-cb5a2d449f97): f
[17:16:57] paradoxGrKek (uuid: e455d052-62bf-3084-868e-cb5a2d449f97): f
[17:20:45] EleforCreate (uuid: ce89abce-4e57-309a-b594-056bd4299a3f): 123
[17:23:06] EleforCreate (uuid: ce89abce-4e57-309a-b594-056bd4299a3f): 123
[20:57:55] EleforCreate (uuid: ce89abce-4e57-309a-b594-056bd4299a3f): §8Меню сервер - §a/menu
[21:04:19] Frozentrone (uuid: e00eb9a1-fa93-3523-92fe-401ab2a2f9d1): Хуевая крыша
[21:04:21] Frozentrone (uuid: e00eb9a1-fa93-3523-92fe-401ab2a2f9d1): ?
[21:04:24] Frozentrone (uuid: e00eb9a1-fa93-3523-92fe-401ab2a2f9d1): :D
[21:04:42] Frozentrone (uuid: e00eb9a1-fa93-3523-92fe-401ab2a2f9d1): Хуевая крыша
[21:05:39] EleforCreate (uuid: ce89abce-4e57-309a-b594-056bd4299a3f): 123
[21:05:46] EleforCreate (uuid: ce89abce-4e57-309a-b594-056bd4299a3f): §fxuy
[21:05:57] Frozentrone (uuid: e00eb9a1-fa93-3523-92fe-401ab2a2f9d1): Ss
[21:07:12] Frozentrone (uuid: e00eb9a1-fa93-3523-92fe-401ab2a2f9d1): Hure
[21:07:54] Frozentrone (uuid: e00eb9a1-fa93-3523-92fe-401ab2a2f9d1): Ыы
[21:08:41] Frozentrone (uuid: e00eb9a1-fa93-3523-92fe-401ab2a2f9d1): ыы
[21:08:58] Frozentrone (uuid: e00eb9a1-fa93-3523-92fe-401ab2a2f9d1): ыы
[21:09:52] EleforCreate (uuid: ce89abce-4e57-309a-b594-056bd4299a3f): §bdasds&
[21:10:01] EleforCreate (uuid: ce89abce-4e57-309a-b594-056bd4299a3f): §ddasds§b sddd
[21:10:06] EleforCreate (uuid: ce89abce-4e57-309a-b594-056bd4299a3f): §ddasds§b sddd§adfdf
[21:10:16] Frozentrone (uuid: e00eb9a1-fa93-3523-92fe-401ab2a2f9d1): ыы
[21:10:22] EleforCreate (uuid: ce89abce-4e57-309a-b594-056bd4299a3f): §ddasds§bsddd§adfdf§b
[21:10:24] EleforCreate (uuid: ce89abce-4e57-309a-b594-056bd4299a3f): §ddasds§bsddd§adfdf§bdfdd
[21:10:59] Frozentrone (uuid: e00eb9a1-fa93-3523-92fe-401ab2a2f9d1): ыы
[21:11:17] EleforCreate (uuid: ce89abce-4e57-309a-b594-056bd4299a3f): §f&
[21:11:53] Frozentrone (uuid: e00eb9a1-fa93-3523-92fe-401ab2a2f9d1): ss
[21:13:03] Frozentrone (uuid: e00eb9a1-fa93-3523-92fe-401ab2a2f9d1): Котак- хуй
[21:13:14] Frozentrone (uuid: e00eb9a1-fa93-3523-92fe-401ab2a2f9d1): Котак бас - Головка от хуя
[21:13:25] Frozentrone (uuid: e00eb9a1-fa93-3523-92fe-401ab2a2f9d1): Котак бас - Головка от хуя
[21:13:48] Frozentrone (uuid: e00eb9a1-fa93-3523-92fe-401ab2a2f9d1): Котак бас - Головка от хуя
[21:14:02] EleforCreate (uuid: ce89abce-4e57-309a-b594-056bd4299a3f): §2
[21:14:03] Frozentrone (uuid: e00eb9a1-fa93-3523-92fe-401ab2a2f9d1): Идем блять на кантерлот
[21:14:04] EleforCreate (uuid: ce89abce-4e57-309a-b594-056bd4299a3f): §2dc
[21:14:06] EleforCreate (uuid: ce89abce-4e57-309a-b594-056bd4299a3f): §3dfdf
[21:14:07] EleforCreate (uuid: ce89abce-4e57-309a-b594-056bd4299a3f): §1dffds
[21:14:49] Frozentrone (uuid: e00eb9a1-fa93-3523-92fe-401ab2a2f9d1):  За Кантерлот нахуй
[21:14:55] EleforCreate (uuid: ce89abce-4e57-309a-b594-056bd4299a3f): t
[21:15:09] EleforCreate (uuid: ce89abce-4e57-309a-b594-056bd4299a3f): t
[21:18:27] EleforCreate (uuid: ce89abce-4e57-309a-b594-056bd4299a3f): §1§lddsads
[21:18:31] EleforCreate (uuid: ce89abce-4e57-309a-b594-056bd4299a3f): §2
[21:18:33] EleforCreate (uuid: ce89abce-4e57-309a-b594-056bd4299a3f): §1§lddsads
[21:18:38] EleforCreate (uuid: ce89abce-4e57-309a-b594-056bd4299a3f): §3fdfd
[21:18:42] EleforCreate (uuid: ce89abce-4e57-309a-b594-056bd4299a3f): §4§fdf
[21:18:45] EleforCreate (uuid: ce89abce-4e57-309a-b594-056bd4299a3f): §4df
[21:18:48] EleforCreate (uuid: ce89abce-4e57-309a-b594-056bd4299a3f): §5df1
[21:18:51] EleforCreate (uuid: ce89abce-4e57-309a-b594-056bd4299a3f): §7df1
[21:18:53] EleforCreate (uuid: ce89abce-4e57-309a-b594-056bd4299a3f): §8df1
[21:18:57] EleforCreate (uuid: ce89abce-4e57-309a-b594-056bd4299a3f): §9df1
[21:19:27] EleforCreate (uuid: ce89abce-4e57-309a-b594-056bd4299a3f): 123
[21:20:00] Frozentrone (uuid: e00eb9a1-fa93-3523-92fe-401ab2a2f9d1): Рэрити шлюха
[21:21:03] Frozentrone (uuid: e00eb9a1-fa93-3523-92fe-401ab2a2f9d1):  Радуга чсв
[21:21:05] Frozentrone (uuid: e00eb9a1-fa93-3523-92fe-401ab2a2f9d1):  Радуга чсв
[21:21:10] Frozentrone (uuid: e00eb9a1-fa93-3523-92fe-401ab2a2f9d1): 
[21:22:18] EleforCreate (uuid: ce89abce-4e57-309a-b594-056bd4299a3f): wqe
[21:22:46] EleforCreate (uuid: ce89abce-4e57-309a-b594-056bd4299a3f): 123
[21:23:00] EleforCreate (uuid: ce89abce-4e57-309a-b594-056bd4299a3f): y123
[21:23:11] EleforCreate (uuid: ce89abce-4e57-309a-b594-056bd4299a3f): 123
[21:24:03] EleforCreate (uuid: ce89abce-4e57-309a-b594-056bd4299a3f): 123
[21:24:22] EleforCreate (uuid: ce89abce-4e57-309a-b594-056bd4299a3f): 123
[21:24:28] Frozentrone (uuid: e00eb9a1-fa93-3523-92fe-401ab2a2f9d1): ыы
[21:24:34] EleforCreate (uuid: ce89abce-4e57-309a-b594-056bd4299a3f): 123
