[00:49:38] EleforCreate (uuid: ce89abce-4e57-309a-b594-056bd4299a3f): 123
[02:28:51] Mum1a (uuid: 09761073-8743-38fa-b64d-7a8ec598e5b5): f
[12:16:25] EleforCreate (uuid: ce89abce-4e57-309a-b594-056bd4299a3f): Заходи в дискорд в FineWorld
[12:19:11] mitiazavr (uuid: 3ad49e4a-aa06-3352-9c3a-9ad66b1b9c89): GF
[12:20:06] EleforCreate (uuid: ce89abce-4e57-309a-b594-056bd4299a3f): §a§lБатуты
[12:25:49] EleforCreate (uuid: ce89abce-4e57-309a-b594-056bd4299a3f): §bБатуты
[12:25:58] EleforCreate (uuid: ce89abce-4e57-309a-b594-056bd4299a3f): §dБатуты
[12:26:02] EleforCreate (uuid: ce89abce-4e57-309a-b594-056bd4299a3f): §aБатуты
[12:36:04] EleforCreate (uuid: ce89abce-4e57-309a-b594-056bd4299a3f): §6Магизин
[12:36:09] EleforCreate (uuid: ce89abce-4e57-309a-b594-056bd4299a3f): §cМагизин
[12:36:12] EleforCreate (uuid: ce89abce-4e57-309a-b594-056bd4299a3f): §fМагизин
[12:36:16] EleforCreate (uuid: ce89abce-4e57-309a-b594-056bd4299a3f): §bМагизин
[12:36:19] EleforCreate (uuid: ce89abce-4e57-309a-b594-056bd4299a3f): §dМагизин
[12:36:22] Frozentrone (uuid: e00eb9a1-fa93-3523-92fe-401ab2a2f9d1): Порно точка
[12:36:22] EleforCreate (uuid: ce89abce-4e57-309a-b594-056bd4299a3f): §d§lМагизин
[12:36:30] EleforCreate (uuid: ce89abce-4e57-309a-b594-056bd4299a3f): §d§lМагазин
[12:36:40] mitiazavr (uuid: 3ad49e4a-aa06-3352-9c3a-9ad66b1b9c89): порнуха здесь
[12:43:24] EleforCreate (uuid: ce89abce-4e57-309a-b594-056bd4299a3f): §6Магазин
[12:46:49] EleforCreate (uuid: ce89abce-4e57-309a-b594-056bd4299a3f): Цвет
[12:46:53] EleforCreate (uuid: ce89abce-4e57-309a-b594-056bd4299a3f): Нормальный?
[12:46:56] Frozentrone (uuid: e00eb9a1-fa93-3523-92fe-401ab2a2f9d1): ДА
[12:47:00] EleforCreate (uuid: ce89abce-4e57-309a-b594-056bd4299a3f): Збс
[12:47:05] mitiazavr (uuid: 3ad49e4a-aa06-3352-9c3a-9ad66b1b9c89): хуйна
[12:47:13] Frozentrone (uuid: e00eb9a1-fa93-3523-92fe-401ab2a2f9d1): Как и ты :D
[12:47:23] mitiazavr (uuid: 3ad49e4a-aa06-3352-9c3a-9ad66b1b9c89): _I_
[12:47:26] Frozentrone (uuid: e00eb9a1-fa93-3523-92fe-401ab2a2f9d1): ЖВ
[12:47:29] Frozentrone (uuid: e00eb9a1-fa93-3523-92fe-401ab2a2f9d1): :D
[12:49:15] mitiazavr (uuid: 3ad49e4a-aa06-3352-9c3a-9ad66b1b9c89): +
[12:49:37] mitiazavr (uuid: 3ad49e4a-aa06-3352-9c3a-9ad66b1b9c89): пошёл отсюда
[12:51:04] EleforCreate (uuid: ce89abce-4e57-309a-b594-056bd4299a3f): У меня диск залагал
[13:25:54] EleforCreate (uuid: ce89abce-4e57-309a-b594-056bd4299a3f): 21
[13:33:26] EleforCreate (uuid: ce89abce-4e57-309a-b594-056bd4299a3f): §a fd
[13:33:28] EleforCreate (uuid: ce89abce-4e57-309a-b594-056bd4299a3f): §2 fd
[13:37:12] EleforCreate (uuid: ce89abce-4e57-309a-b594-056bd4299a3f): 123
[13:47:52] EleforCreate (uuid: ce89abce-4e57-309a-b594-056bd4299a3f): twilite
[13:50:26] EleforCreate (uuid: ce89abce-4e57-309a-b594-056bd4299a3f): §k21312231
[13:50:31] EleforCreate (uuid: ce89abce-4e57-309a-b594-056bd4299a3f): §7§k21312231
