[15:05:38] Frozentrone (uuid: e00eb9a1-fa93-3523-92fe-401ab2a2f9d1): .Pidor
[15:05:41] Frozentrone (uuid: e00eb9a1-fa93-3523-92fe-401ab2a2f9d1): :D
[15:06:54] mitiazavr (uuid: 3ad49e4a-aa06-3352-9c3a-9ad66b1b9c89): ,kz
[15:06:57] mitiazavr (uuid: 3ad49e4a-aa06-3352-9c3a-9ad66b1b9c89): блч
[15:06:59] mitiazavr (uuid: 3ad49e4a-aa06-3352-9c3a-9ad66b1b9c89): бля
[15:07:01] EleforCreate (uuid: ce89abce-4e57-309a-b594-056bd4299a3f): аахах
[15:07:42] mitiazavr (uuid: 3ad49e4a-aa06-3352-9c3a-9ad66b1b9c89): пошли наху
[15:08:55] EleforCreate (uuid: ce89abce-4e57-309a-b594-056bd4299a3f): ./skin set PonyPrincess
[15:13:55] Frozentrone (uuid: e00eb9a1-fa93-3523-92fe-401ab2a2f9d1): .Twilight_Sparkle
[15:15:14] Frozentrone (uuid: e00eb9a1-fa93-3523-92fe-401ab2a2f9d1): coles11w
[15:49:38] EleforCreate (uuid: ce89abce-4e57-309a-b594-056bd4299a3f): §8(§7✉§8) §3\n §7↱ §aБудь вкурсе обновлений сервера!
[15:49:56] EleforCreate (uuid: ce89abce-4e57-309a-b594-056bd4299a3f): §7↦ §aПодписывайся на
[15:50:11] EleforCreate (uuid: ce89abce-4e57-309a-b594-056bd4299a3f): §7↦ §aПодписывайся на группу в контакте!
[15:50:18] EleforCreate (uuid: ce89abce-4e57-309a-b594-056bd4299a3f): §7↳ §aСсылка на группу §7»§c vk.com/fineworldmc
[17:07:44] paradoxGrKek (uuid: e455d052-62bf-3084-868e-cb5a2d449f97): f
[17:26:24] paradoxgrkek (uuid: af4041d6-ad31-3057-81ef-23d34fd4c569): f
[17:26:47] paradoxgrkek (uuid: af4041d6-ad31-3057-81ef-23d34fd4c569): f
[17:26:50] Frozentrone (uuid: e00eb9a1-fa93-3523-92fe-401ab2a2f9d1): Ss
[17:27:44] paradoxgrkek (uuid: af4041d6-ad31-3057-81ef-23d34fd4c569): f
[17:29:54] Mum1a (uuid: 09761073-8743-38fa-b64d-7a8ec598e5b5): f
[17:29:55] Mum1a (uuid: 09761073-8743-38fa-b64d-7a8ec598e5b5): f
[17:32:59] paradoxGrKek (uuid: e455d052-62bf-3084-868e-cb5a2d449f97): f
[17:33:44] Mum1a (uuid: 09761073-8743-38fa-b64d-7a8ec598e5b5): xDDD
[17:33:45] paradoxGrKek (uuid: e455d052-62bf-3084-868e-cb5a2d449f97): f
[17:53:25] Mum1a (uuid: 09761073-8743-38fa-b64d-7a8ec598e5b5): f
[18:03:42] Mum1a (uuid: 09761073-8743-38fa-b64d-7a8ec598e5b5): §k соси
[18:03:44] Mum1a (uuid: 09761073-8743-38fa-b64d-7a8ec598e5b5): §k с
[18:03:51] Mum1a (uuid: 09761073-8743-38fa-b64d-7a8ec598e5b5): §k coci xyu
[18:06:20] Mum1a (uuid: 09761073-8743-38fa-b64d-7a8ec598e5b5): §m 245
[18:06:24] Mum1a (uuid: 09761073-8743-38fa-b64d-7a8ec598e5b5): §m QQ ALL
[18:06:34] Mum1a (uuid: 09761073-8743-38fa-b64d-7a8ec598e5b5): §n qq all
[18:06:44] Mum1a (uuid: 09761073-8743-38fa-b64d-7a8ec598e5b5): §o italic
[18:08:08] Mum1a (uuid: 09761073-8743-38fa-b64d-7a8ec598e5b5): FFF
