[16:52:19] Frozentrone (uuid: e00eb9a1-fa93-3523-92fe-401ab2a2f9d1): brony
[16:53:58] EleforCreate (uuid: ce89abce-4e57-309a-b594-056bd4299a3f): аъаъаъ4
[16:59:54] Mum1a (uuid: 09761073-8743-38fa-b64d-7a8ec598e5b5): 10
[17:04:04] Mum1a (uuid: 09761073-8743-38fa-b64d-7a8ec598e5b5): vvvvvvvvvvvvv
[17:07:27] EleforCreate (uuid: ce89abce-4e57-309a-b594-056bd4299a3f): https://vk.com/topic-100832778_38823235
[17:07:28] EleforCreate (uuid: ce89abce-4e57-309a-b594-056bd4299a3f): https://vk.com/topic-100832778_38823235
[17:07:29] EleforCreate (uuid: ce89abce-4e57-309a-b594-056bd4299a3f): https://vk.com/topic-100832778_38823235
[17:07:29] EleforCreate (uuid: ce89abce-4e57-309a-b594-056bd4299a3f): https://vk.com/topic-100832778_38823235
[17:07:30] EleforCreate (uuid: ce89abce-4e57-309a-b594-056bd4299a3f): https://vk.com/topic-100832778_38823235
[17:07:30] EleforCreate (uuid: ce89abce-4e57-309a-b594-056bd4299a3f): https://vk.com/topic-100832778_38823235
[17:07:31] EleforCreate (uuid: ce89abce-4e57-309a-b594-056bd4299a3f): https://vk.com/topic-100832778_38823235
[17:07:31] EleforCreate (uuid: ce89abce-4e57-309a-b594-056bd4299a3f): https://vk.com/topic-100832778_38823235
[17:07:32] EleforCreate (uuid: ce89abce-4e57-309a-b594-056bd4299a3f): https://vk.com/topic-100832778_38823235
[17:07:32] EleforCreate (uuid: ce89abce-4e57-309a-b594-056bd4299a3f): https://vk.com/topic-100832778_38823235
[17:07:33] EleforCreate (uuid: ce89abce-4e57-309a-b594-056bd4299a3f): https://vk.com/topic-100832778_38823235
[17:07:33] EleforCreate (uuid: ce89abce-4e57-309a-b594-056bd4299a3f): https://vk.com/topic-100832778_38823235
[17:07:34] EleforCreate (uuid: ce89abce-4e57-309a-b594-056bd4299a3f): https://vk.com/topic-100832778_38823235
[17:07:34] EleforCreate (uuid: ce89abce-4e57-309a-b594-056bd4299a3f): https://vk.com/topic-100832778_38823235
[17:07:35] EleforCreate (uuid: ce89abce-4e57-309a-b594-056bd4299a3f): https://vk.com/topic-100832778_38823235
[17:07:35] EleforCreate (uuid: ce89abce-4e57-309a-b594-056bd4299a3f): https://vk.com/topic-100832778_38823235
[17:07:35] EleforCreate (uuid: ce89abce-4e57-309a-b594-056bd4299a3f): https://vk.com/topic-100832778_38823235
[17:07:36] EleforCreate (uuid: ce89abce-4e57-309a-b594-056bd4299a3f): https://vk.com/topic-100832778_38823235
[17:07:36] EleforCreate (uuid: ce89abce-4e57-309a-b594-056bd4299a3f): https://vk.com/topic-100832778_38823235
[17:07:37] EleforCreate (uuid: ce89abce-4e57-309a-b594-056bd4299a3f): https://vk.com/topic-100832778_38823235
[17:07:37] EleforCreate (uuid: ce89abce-4e57-309a-b594-056bd4299a3f): https://vk.com/topic-100832778_38823235
[17:07:38] EleforCreate (uuid: ce89abce-4e57-309a-b594-056bd4299a3f): https://vk.com/topic-100832778_38823235
[17:07:38] EleforCreate (uuid: ce89abce-4e57-309a-b594-056bd4299a3f): https://vk.com/topic-100832778_38823235
[17:09:57] EleforCreate (uuid: ce89abce-4e57-309a-b594-056bd4299a3f): https://vk.com/topic-100832778_38823235
[17:09:59] EleforCreate (uuid: ce89abce-4e57-309a-b594-056bd4299a3f): https://vk.com/topic-100832778_38823235
[17:09:59] EleforCreate (uuid: ce89abce-4e57-309a-b594-056bd4299a3f): https://vk.com/topic-100832778_38823235
[17:19:00] EleforCreate (uuid: ce89abce-4e57-309a-b594-056bd4299a3f): ./invsee
[17:20:36] Frozentrone (uuid: e00eb9a1-fa93-3523-92fe-401ab2a2f9d1): Ss
