[16:34:13] SteveGrKek (uuid: 80063e32-660f-3040-aa72-a0e52f9efa9f): §eaaa
[16:34:18] SteveGrKek (uuid: 80063e32-660f-3040-aa72-a0e52f9efa9f): §efine
[16:34:22] SteveGrKek (uuid: 80063e32-660f-3040-aa72-a0e52f9efa9f): §efine§bWorld
[16:34:44] SteveGrKek (uuid: 80063e32-660f-3040-aa72-a0e52f9efa9f): §e§lfine§bWorld
[16:34:46] SteveGrKek (uuid: 80063e32-660f-3040-aa72-a0e52f9efa9f): §e§lfine§b&World
[16:34:51] SteveGrKek (uuid: 80063e32-660f-3040-aa72-a0e52f9efa9f): §e§lfine§b§lWorld
[16:34:55] SteveGrKek (uuid: 80063e32-660f-3040-aa72-a0e52f9efa9f): §e§lfine§b§lWorld
[16:38:31] SteveGrKek (uuid: 80063e32-660f-3040-aa72-a0e52f9efa9f): Приветствуем на сервере fineWorld
[16:38:33] SteveGrKek (uuid: 80063e32-660f-3040-aa72-a0e52f9efa9f): §bПриветствуем на сервере fineWorld
[16:38:41] SteveGrKek (uuid: 80063e32-660f-3040-aa72-a0e52f9efa9f): §8Приветствуем на сервере fineWorld
[16:38:47] SteveGrKek (uuid: 80063e32-660f-3040-aa72-a0e52f9efa9f): 78Приветствуем на сервере fineWorld
[16:38:52] SteveGrKek (uuid: 80063e32-660f-3040-aa72-a0e52f9efa9f): §7Приветствуем на сервере fineWorld
[16:39:06] SteveGrKek (uuid: 80063e32-660f-3040-aa72-a0e52f9efa9f): §aПриветствуем на сервере fineWorld
[16:39:11] SteveGrKek (uuid: 80063e32-660f-3040-aa72-a0e52f9efa9f): §aПриветствуем на сервере §bfine§eWorld
[16:39:24] SteveGrKek (uuid: 80063e32-660f-3040-aa72-a0e52f9efa9f): §aПриветствуем на сервере §b§lfine§e§lWorld
[16:41:07] SteveGrKek (uuid: 80063e32-660f-3040-aa72-a0e52f9efa9f): §4ddd
[17:02:19] SteveGrKek (uuid: 80063e32-660f-3040-aa72-a0e52f9efa9f): §f§l/l §7§l[§c§lПароль§7§l]
[17:02:21] SteveGrKek (uuid: 80063e32-660f-3040-aa72-a0e52f9efa9f): §f§l/l §7§l[§c§lПароль§7§l]
[17:02:27] SteveGrKek (uuid: 80063e32-660f-3040-aa72-a0e52f9efa9f): §e§l/l §7§l[§c§lПароль§7§l]
[17:02:32] SteveGrKek (uuid: 80063e32-660f-3040-aa72-a0e52f9efa9f): 4e§l/l §7§l[§c§lПароль§7§l]
[17:02:41] SteveGrKek (uuid: 80063e32-660f-3040-aa72-a0e52f9efa9f): §c§l/l §7§l[§c§lПароль§7§l]
[17:02:51] SteveGrKek (uuid: 80063e32-660f-3040-aa72-a0e52f9efa9f): &y§l/l §7§l[§c§lПароль§7§l]
[17:02:55] SteveGrKek (uuid: 80063e32-660f-3040-aa72-a0e52f9efa9f): §6§l/l §7§l[§c§lПароль§7§l]
