[00:18:17] [Server thread/INFO]: Loading properties
[00:18:18] [Server thread/INFO]: Default game type: SURVIVAL
[00:18:18] [Server thread/INFO]: This server is running CraftBukkit version git-Spigot-95dd097-305df90 (MC: 1.12.2) (Implementing API version 1.12.2-R0.1-SNAPSHOT)
[00:18:20] [Server thread/INFO]: Debug logging is enabled
[00:18:20] [Server thread/INFO]: Server Ping Player Sample Count: 12
[00:18:20] [Server thread/INFO]: Using 4 threads for Netty based IO
[00:18:20] [Server thread/INFO]: Generating keypair
[00:18:21] [Server thread/INFO]: Starting Minecraft server on *:23042
[00:18:27] [Server thread/INFO]: Set PluginClassLoader as parallel capable
[00:18:30] [Server thread/INFO]: [WorldEdit] Loading WorldEdit v6.1.9-SNAPSHOT;88df431
[00:18:30] [Server thread/INFO]: [KeepItems] Loading KeepItems v1.3.2
[00:18:30] [Server thread/INFO]: [Essentials] Loading Essentials vTeamCity
[00:18:30] [Server thread/INFO]: [ClearLag] Loading ClearLag v2.9.7
[00:18:30] [Server thread/INFO]: [AutoMessage] Loading AutoMessage v2.5.5
[00:18:30] [Server thread/INFO]: [CreativeLimiter] Loading CreativeLimiter v1.0
[00:18:30] [Server thread/INFO]: [AntiRelog] Loading AntiRelog v1.4
[00:18:30] [Server thread/INFO]: [DynPad] Loading DynPad v1.5
[00:18:30] [Server thread/INFO]: [WorldGuard] Loading WorldGuard v6.2.1;84bc322
[00:18:30] [Server thread/INFO]: [MultiWorld] Loading MultiWorld v5.2.8
[00:18:30] [Server thread/INFO]: [SkinsRestorer] Loading SkinsRestorer v13.5-SNAPSHOT
[00:18:30] [Server thread/INFO]: [dtlCore] Loading dtlCore v1.1
[00:18:30] [Server thread/INFO]: [OPSRegion] Loading OPSRegion v1.0
[00:18:30] [Server thread/INFO]: [PermissionsEx] Loading PermissionsEx v1.23.4
[00:18:30] [Server thread/WARN]: [PermissionsEx] This server is in offline mode. Unless this server is configured to integrate with a supported proxy (see http://dft.ba/-8ous), UUIDs *may not be stable*!
[00:18:30] [Server thread/INFO]: [RandomPort] Loading RandomPort v2.0
[00:18:30] [Server thread/INFO]: [WGExtender] Loading WGExtender v1.0
[00:18:30] [Server thread/INFO]: [ViaVersion] Loading ViaVersion v1.3.0
[00:18:31] [Server thread/INFO]: [ViaVersion] ViaVersion 1.3.0 is now loaded, waiting for boot. (late-bind)
[00:18:31] [Server thread/INFO]: [CustomJoinItems] Loading CustomJoinItems v1.5.2
[00:18:31] [Server thread/INFO]: [MineResetLite] Loading MineResetLite v0.4.7
[00:18:31] [Server thread/INFO]: [Vault] Loading Vault v1.5.6-b49
[00:18:31] [Server thread/INFO]: [EssentialsSpawn] Loading EssentialsSpawn v2.0.1-b468
[00:18:31] [Server thread/INFO]: [ViaBackwards] Loading ViaBackwards v2.3.1
[00:18:31] [Server thread/INFO]: [TitleManager] Loading TitleManager v2.0.6
[00:18:31] [Server thread/INFO]: [Jobs] Loading Jobs v4.9.1
[00:18:31] [Server thread/INFO]: [Marriage] Loading Marriage v2.0.18
[00:18:31] [Server thread/INFO]: [Marriage] Completed plugin pre-load stage.
[00:18:31] [Server thread/INFO]: [ShoppingCartReloaded] Loading ShoppingCartReloaded v1.2u11
[00:18:31] [Server thread/INFO]: [WClans] Loading WClans v1.0
[00:18:31] [Server thread/INFO]: [ProtocolLib] Loading ProtocolLib v4.3.0
[00:18:31] [Server thread/WARN]: [ProtocolLib] Version (MC: 1.12.2) has not yet been tested! Proceed with caution.
[00:18:32] [Server thread/INFO]: [NoCheatPlus] Loading NoCheatPlus v3.15.0-SNAPSHOT-sMD5NET-b1066
[00:18:32] [Server thread/INFO]: [NoCheatPlus] onLoad: Early set up of static API, configuration, logging.
[00:18:33] [Server thread/INFO]: [NoCheatPlus] Logging system initialized.
[00:18:33] [Server thread/INFO]: [NoCheatPlus] Detected Minecraft version: 1.12.2
[00:18:33] [Server thread/INFO]: [Citizens] Loading Citizens v2.0.22-SNAPSHOT (build 1487)
[00:18:33] [Server thread/INFO]: [ChestCommands] Loading ChestCommands v3.1.4
[00:18:33] [Server thread/INFO]: [ChatEx] Loading ChatEx v1.6
[00:18:33] [Server thread/INFO]: [ServerSigns] Loading ServerSigns v4.5.1
[00:18:33] [Server thread/INFO]: [HolographicDisplays] Loading HolographicDisplays v2.2.6
[00:18:33] [Server thread/INFO]: [SystemBoard] Loading SystemBoard v1.0
[00:18:33] [Server thread/INFO]: [dtlTraders] Loading dtlTraders v3.5.4
[00:18:33] [Server thread/INFO]: [ItemFixer] Loading ItemFixer v2.7.8
[00:18:33] [Server thread/INFO]: [CreativeLimiter] Enabling CreativeLimiter v1.0
[00:18:33] [Server thread/ERROR]: [CreativeLimiter] Plugin CreativeLimiter v1.0 has failed to register events for class creativeLimiter.misc.JoinGamemodeChanger because fr/xephi/authme/events/LoginEvent does not exist.
[00:18:33] [Server thread/INFO]: [Vault] Enabling Vault v1.5.6-b49
[00:18:33] [Server thread/INFO]: [Vault] [Economy] Essentials Economy found: Waiting
[00:18:33] [Server thread/INFO]: [Vault] [Permission] PermissionsEx found: Waiting
[00:18:33] [Server thread/INFO]: [Vault] [Permission] SuperPermissions loaded as backup permission system.
[00:18:33] [Server thread/INFO]: [Vault] [Chat] PermissionsEx found: Waiting
[00:18:33] [Server thread/INFO]: [Vault] Enabled Version 1.5.6-b49
[00:18:33] [Server thread/INFO]: [ViaBackwards] Enabling ViaBackwards v2.3.1
[00:18:35] [Server thread/INFO]: [ProtocolLib] Enabling ProtocolLib v4.3.0
[00:18:35] [Server thread/INFO]: [ProtocolLib] Started structure compiler thread.
[00:18:35] [Server thread/WARN]: **** SERVER IS RUNNING IN OFFLINE/INSECURE MODE!
[00:18:35] [Server thread/WARN]: The server will make no attempt to authenticate usernames. Beware.
[00:18:35] [Server thread/WARN]: While this makes the game possible to play without internet access, it also opens up the ability for hackers to connect with any username they choose.
[00:18:35] [Server thread/WARN]: To change this, set "online-mode" to "true" in the server.properties file.
[00:18:35] [Server thread/INFO]: **** Beginning UUID conversion, this may take A LONG time ****
[00:18:35] [Server thread/INFO]: Preparing level "spawn"
[00:18:35] [Server thread/INFO]: -------- World Settings For [spawn] --------
[00:18:35] [Server thread/INFO]: Allow Zombie Pigmen to spawn from portal blocks: true
[00:18:35] [Server thread/INFO]: View Distance: 10
[00:18:35] [Server thread/INFO]: Nerfing mobs spawned from spawners: false
[00:18:35] [Server thread/INFO]: Zombie Aggressive Towards Villager: true
[00:18:35] [Server thread/INFO]: Item Merge Radius: 2.5
[00:18:35] [Server thread/INFO]: Item Despawn Rate: 6000
[00:18:35] [Server thread/INFO]: Arrow Despawn Rate: 1200
[00:18:35] [Server thread/INFO]: Experience Merge Radius: 3.0
[00:18:35] [Server thread/INFO]: Mob Spawn Range: 4
[00:18:35] [Server thread/INFO]: Cactus Growth Modifier: 100%
[00:18:35] [Server thread/INFO]: Cane Growth Modifier: 100%
[00:18:35] [Server thread/INFO]: Melon Growth Modifier: 100%
[00:18:35] [Server thread/INFO]: Mushroom Growth Modifier: 100%
[00:18:35] [Server thread/INFO]: Pumpkin Growth Modifier: 100%
[00:18:35] [Server thread/INFO]: Sapling Growth Modifier: 100%
[00:18:35] [Server thread/INFO]: Wheat Growth Modifier: 100%
[00:18:35] [Server thread/INFO]: NetherWart Growth Modifier: 100%
[00:18:35] [Server thread/INFO]: Vine Growth Modifier: 100%
[00:18:35] [Server thread/INFO]: Cocoa Growth Modifier: 100%
[00:18:35] [Server thread/INFO]: Entity Activation Range: An 32 / Mo 32 / Mi 16
[00:18:35] [Server thread/INFO]: Random Lighting Updates: false
[00:18:35] [Server thread/INFO]: Custom Map Seeds:  Village: 10387312 Feature: 14357617 Monument: 10387313 Slime: 987234911
[00:18:35] [Server thread/INFO]: Tile Max Tick Time: 50ms Entity max Tick Time: 50ms
[00:18:35] [Server thread/INFO]: Hopper Transfer: 8 Hopper Check: 1 Hopper Amount: 1
[00:18:35] [Server thread/INFO]: Structure Info Saving: true
[00:18:35] [Server thread/INFO]: Entity Tracking Range: Pl 48 / An 48 / Mo 48 / Mi 32 / Other 64
[00:18:35] [Server thread/INFO]: Max TNT Explosions: 100
[00:18:38] [Server thread/INFO]: -------- World Settings For [spawn_nether] --------
[00:18:38] [Server thread/INFO]: Allow Zombie Pigmen to spawn from portal blocks: true
[00:18:38] [Server thread/INFO]: View Distance: 10
[00:18:38] [Server thread/INFO]: Nerfing mobs spawned from spawners: false
[00:18:38] [Server thread/INFO]: Zombie Aggressive Towards Villager: true
[00:18:38] [Server thread/INFO]: Item Merge Radius: 2.5
[00:18:38] [Server thread/INFO]: Item Despawn Rate: 6000
[00:18:38] [Server thread/INFO]: Arrow Despawn Rate: 1200
[00:18:38] [Server thread/INFO]: Experience Merge Radius: 3.0
[00:18:38] [Server thread/INFO]: Mob Spawn Range: 4
[00:18:38] [Server thread/INFO]: Cactus Growth Modifier: 100%
[00:18:38] [Server thread/INFO]: Cane Growth Modifier: 100%
[00:18:38] [Server thread/INFO]: Melon Growth Modifier: 100%
[00:18:38] [Server thread/INFO]: Mushroom Growth Modifier: 100%
[00:18:38] [Server thread/INFO]: Pumpkin Growth Modifier: 100%
[00:18:38] [Server thread/INFO]: Sapling Growth Modifier: 100%
[00:18:38] [Server thread/INFO]: Wheat Growth Modifier: 100%
[00:18:38] [Server thread/INFO]: NetherWart Growth Modifier: 100%
[00:18:38] [Server thread/INFO]: Vine Growth Modifier: 100%
[00:18:38] [Server thread/INFO]: Cocoa Growth Modifier: 100%
[00:18:38] [Server thread/INFO]: Entity Activation Range: An 32 / Mo 32 / Mi 16
[00:18:38] [Server thread/INFO]: Random Lighting Updates: false
[00:18:38] [Server thread/INFO]: Custom Map Seeds:  Village: 10387312 Feature: 14357617 Monument: 10387313 Slime: 987234911
[00:18:38] [Server thread/INFO]: Tile Max Tick Time: 50ms Entity max Tick Time: 50ms
[00:18:38] [Server thread/INFO]: Hopper Transfer: 8 Hopper Check: 1 Hopper Amount: 1
[00:18:38] [Server thread/INFO]: Structure Info Saving: true
[00:18:38] [Server thread/INFO]: Entity Tracking Range: Pl 48 / An 48 / Mo 48 / Mi 32 / Other 64
[00:18:38] [Server thread/INFO]: Max TNT Explosions: 100
[00:18:39] [Server thread/INFO]: -------- World Settings For [spawn_the_end] --------
[00:18:39] [Server thread/INFO]: Allow Zombie Pigmen to spawn from portal blocks: true
[00:18:39] [Server thread/INFO]: View Distance: 10
[00:18:39] [Server thread/INFO]: Nerfing mobs spawned from spawners: false
[00:18:39] [Server thread/INFO]: Zombie Aggressive Towards Villager: true
[00:18:39] [Server thread/INFO]: Item Merge Radius: 2.5
[00:18:39] [Server thread/INFO]: Item Despawn Rate: 6000
[00:18:39] [Server thread/INFO]: Arrow Despawn Rate: 1200
[00:18:39] [Server thread/INFO]: Experience Merge Radius: 3.0
[00:18:39] [Server thread/INFO]: Mob Spawn Range: 4
[00:18:39] [Server thread/INFO]: Cactus Growth Modifier: 100%
[00:18:39] [Server thread/INFO]: Cane Growth Modifier: 100%
[00:18:39] [Server thread/INFO]: Melon Growth Modifier: 100%
[00:18:39] [Server thread/INFO]: Mushroom Growth Modifier: 100%
[00:18:39] [Server thread/INFO]: Pumpkin Growth Modifier: 100%
[00:18:39] [Server thread/INFO]: Sapling Growth Modifier: 100%
[00:18:39] [Server thread/INFO]: Wheat Growth Modifier: 100%
[00:18:39] [Server thread/INFO]: NetherWart Growth Modifier: 100%
[00:18:39] [Server thread/INFO]: Vine Growth Modifier: 100%
[00:18:39] [Server thread/INFO]: Cocoa Growth Modifier: 100%
[00:18:39] [Server thread/INFO]: Entity Activation Range: An 32 / Mo 32 / Mi 16
[00:18:39] [Server thread/INFO]: Random Lighting Updates: false
[00:18:39] [Server thread/INFO]: Custom Map Seeds:  Village: 10387312 Feature: 14357617 Monument: 10387313 Slime: 987234911
[00:18:39] [Server thread/INFO]: Tile Max Tick Time: 50ms Entity max Tick Time: 50ms
[00:18:39] [Server thread/INFO]: Hopper Transfer: 8 Hopper Check: 1 Hopper Amount: 1
[00:18:39] [Server thread/INFO]: Structure Info Saving: true
[00:18:39] [Server thread/INFO]: Entity Tracking Range: Pl 48 / An 48 / Mo 48 / Mi 32 / Other 64
[00:18:39] [Server thread/INFO]: Max TNT Explosions: 100
[00:18:39] [Server thread/INFO]: Preparing start region for level 0 (Seed: 410319177273859862)
[00:18:40] [Server thread/INFO]: Preparing spawn area: 37%
[00:18:41] [Server thread/INFO]: Preparing spawn area: 70%
[00:18:41] [Server thread/INFO]: Preparing start region for level 1 (Seed: 410319177273859862)
[00:18:42] [Server thread/INFO]: Preparing spawn area: 24%
[00:18:43] [Server thread/INFO]: Preparing spawn area: 70%
[00:18:44] [Server thread/INFO]: Preparing start region for level 2 (Seed: 410319177273859862)
[00:18:45] [Server thread/INFO]: [WorldEdit] Enabling WorldEdit v6.1.9-SNAPSHOT;88df431
[00:18:46] [Server thread/INFO]: WEPIF: Использование Bukkit Permissions API.
[00:18:46] [Server thread/INFO]: [WorldEdit] Использую com.sk89q.worldedit.bukkit.adapter.impl.Spigot_v1_12_R2 для Bukkit адаптеров
[00:18:46] [Server thread/INFO]: [KeepItems] Enabling KeepItems v1.3.2
[00:18:46] [Server thread/INFO]: [Essentials] Enabling Essentials vTeamCity
[00:18:46] [Server thread/WARN]: §4Version mismatch! Please update EssentialsSpawn to the same version.
[00:18:46] [Server thread/INFO]: Bukkit version format changed. Version not checked.
[00:18:46] [Server thread/INFO]: git-Spigot-95dd097-305df90 (MC: 1.12.2)
[00:18:46] [Server thread/INFO]: 1.12.2-R0.1-SNAPSHOT
[00:18:46] [Server thread/TRACE]: Aborting ItemSpawnBL read, itemDB not yet loaded.
[00:18:46] [Server thread/INFO]: Using locale ru
[00:18:47] [Server thread/INFO]: Using locale ru
[00:18:47] [Server thread/INFO]: [Vault][Economy] Essentials Economy hooked.
[00:18:47] [Server thread/INFO]: Essentials: Using config file enhanced permissions.
[00:18:47] [Server thread/INFO]: Permissions listed in as player-commands will be given to all users.
[00:18:47] [Server thread/INFO]: [ClearLag] Enabling ClearLag v2.9.7
[00:18:48] [Server thread/INFO]: [ClearLag] Loading modules...
[00:18:48] [Server thread/INFO]: [ClearLag] Modules enabed, loading config values
[00:18:48] [Server thread/INFO]: [ClearLag] Modules have been loaded!
[00:18:48] [Server thread/INFO]: [ClearLag] Clearlag is now enabled!
[00:18:48] [Server thread/INFO]: [AutoMessage] Enabling AutoMessage v2.5.5
[00:18:48] [Thread-7/INFO]: [ClearLag] Checking for updates compatible with your bukkit version [1.12]...
[00:18:48] [Server thread/INFO]: [AntiRelog] Enabling AntiRelog v1.4
[00:18:48] [Server thread/INFO]: [0;36;1m_________[0;35;1mAntiRelog++[0;36;1m_________[m
[00:18:48] [Server thread/INFO]: [0;33;1mUsing Essentials: [0;32;1mtrue[m
[00:18:48] [Server thread/INFO]: [0;33;1mEnable apple cooldown: [0;32;1mtrue [0;31;1mCooldown: [0;32;1m40[m
[00:18:48] [Server thread/INFO]: [0;33;1mChecks enabled: [0;32;1mtrue[m
[00:18:48] [Server thread/INFO]: [0;33;1mRemove death message: [0;32;1mtrue[m
[00:18:48] [Server thread/INFO]: [0;33;1mRemove kick message: [0;32;1mtrue[m
[00:18:48] [Server thread/INFO]: [0;33;1mRemove leave message: [0;32;1mtrue[m
[00:18:48] [Server thread/INFO]: [0;33;1mRemove join message: [0;32;1mtrue[m
[00:18:48] [Server thread/INFO]: [0;33;1mKill on leave: [0;32;1mtrue[m
[00:18:48] [Server thread/INFO]: [0;33;1mKill on command: [0;31;1mfalse[m
[00:18:48] [Server thread/INFO]: [0;36;1m_____________________________[m
[00:18:48] [Server thread/INFO]: [DynPad] Enabling DynPad v1.5
[00:18:48] [Server thread/INFO]: [WorldGuard] Enabling WorldGuard v6.2.1;84bc322
[00:18:49] [Server thread/INFO]: [WorldGuard] (spawn) TNT ignition is PERMITTED.
[00:18:49] [Server thread/INFO]: [WorldGuard] (spawn) Lighters are PERMITTED.
[00:18:49] [Server thread/INFO]: [WorldGuard] (spawn) Lava fire is blocked.
[00:18:49] [Server thread/INFO]: [WorldGuard] (spawn) All fire spread is disabled.
[00:18:49] [Server thread/INFO]: [WorldGuard] Loaded configuration for world 'spawn'
[00:18:49] [Server thread/INFO]: [WorldGuard] (spawn_nether) TNT ignition is PERMITTED.
[00:18:49] [Server thread/INFO]: [WorldGuard] (spawn_nether) Lighters are PERMITTED.
[00:18:49] [Server thread/INFO]: [WorldGuard] (spawn_nether) Lava fire is blocked.
[00:18:49] [Server thread/INFO]: [WorldGuard] (spawn_nether) All fire spread is disabled.
[00:18:49] [Server thread/INFO]: [WorldGuard] Loaded configuration for world 'spawn_nether'
[00:18:49] [Server thread/INFO]: [WorldGuard] (spawn_the_end) TNT ignition is PERMITTED.
[00:18:49] [Server thread/INFO]: [WorldGuard] (spawn_the_end) Lighters are PERMITTED.
[00:18:49] [Server thread/INFO]: [WorldGuard] (spawn_the_end) Lava fire is blocked.
[00:18:49] [Server thread/INFO]: [WorldGuard] (spawn_the_end) All fire spread is disabled.
[00:18:49] [Server thread/INFO]: [WorldGuard] Loaded configuration for world 'spawn_the_end'
[00:18:49] [Server thread/INFO]: [WorldGuard] Loading region data...
[00:18:51] [Server thread/INFO]: [MultiWorld] Enabling MultiWorld v5.2.8
[00:18:51] [Server thread/INFO]: -------- World Settings For [world] --------
[00:18:51] [Server thread/INFO]: Allow Zombie Pigmen to spawn from portal blocks: true
[00:18:51] [Server thread/INFO]: View Distance: 10
[00:18:51] [Server thread/INFO]: Nerfing mobs spawned from spawners: false
[00:18:51] [Server thread/INFO]: Zombie Aggressive Towards Villager: true
[00:18:51] [Server thread/INFO]: Item Merge Radius: 2.5
[00:18:51] [Server thread/INFO]: Item Despawn Rate: 6000
[00:18:51] [Server thread/INFO]: Arrow Despawn Rate: 1200
[00:18:51] [Server thread/INFO]: Experience Merge Radius: 3.0
[00:18:51] [Server thread/INFO]: Mob Spawn Range: 4
[00:18:51] [Server thread/INFO]: Cactus Growth Modifier: 100%
[00:18:51] [Server thread/INFO]: Cane Growth Modifier: 100%
[00:18:51] [Server thread/INFO]: Melon Growth Modifier: 100%
[00:18:51] [Server thread/INFO]: Mushroom Growth Modifier: 100%
[00:18:51] [Server thread/INFO]: Pumpkin Growth Modifier: 100%
[00:18:51] [Server thread/INFO]: Sapling Growth Modifier: 100%
[00:18:51] [Server thread/INFO]: Wheat Growth Modifier: 100%
[00:18:51] [Server thread/INFO]: NetherWart Growth Modifier: 100%
[00:18:51] [Server thread/INFO]: Vine Growth Modifier: 100%
[00:18:51] [Server thread/INFO]: Cocoa Growth Modifier: 100%
[00:18:51] [Server thread/INFO]: Entity Activation Range: An 32 / Mo 32 / Mi 16
[00:18:51] [Server thread/INFO]: Random Lighting Updates: false
[00:18:51] [Server thread/INFO]: Custom Map Seeds:  Village: 10387312 Feature: 14357617 Monument: 10387313 Slime: 987234911
[00:18:51] [Server thread/INFO]: Tile Max Tick Time: 50ms Entity max Tick Time: 50ms
[00:18:51] [Server thread/INFO]: Hopper Transfer: 8 Hopper Check: 1 Hopper Amount: 1
[00:18:51] [Server thread/INFO]: Structure Info Saving: true
[00:18:51] [Server thread/INFO]: Entity Tracking Range: Pl 48 / An 48 / Mo 48 / Mi 32 / Other 64
[00:18:51] [Server thread/INFO]: Max TNT Explosions: 100
[00:18:53] [Server thread/INFO]: Preparing start region for level 3 (Seed: 8570623197069426260)
[00:18:53] [Thread-7/INFO]: [ClearLag] No updates found!
[00:18:55] [Server thread/INFO]: Preparing spawn area for world, 0%
[00:18:56] [Server thread/INFO]: Preparing spawn area for world, 36%
[00:18:57] [Server thread/INFO]: Preparing spawn area for world, 73%
[00:18:58] [Server thread/INFO]: Preparing spawn area for world, 97%
[00:18:58] [Server thread/INFO]: [WorldGuard] (world) TNT ignition is PERMITTED.
[00:18:58] [Server thread/INFO]: [WorldGuard] (world) Lighters are PERMITTED.
[00:18:58] [Server thread/INFO]: [WorldGuard] (world) Lava fire is blocked.
[00:18:58] [Server thread/INFO]: [WorldGuard] (world) All fire spread is disabled.
[00:18:58] [Server thread/INFO]: [WorldGuard] Loaded configuration for world 'world'
[00:18:58] [Server thread/INFO]: -------- World Settings For [world_nether] --------
[00:18:58] [Server thread/INFO]: Allow Zombie Pigmen to spawn from portal blocks: true
[00:18:58] [Server thread/INFO]: View Distance: 10
[00:18:58] [Server thread/INFO]: Nerfing mobs spawned from spawners: false
[00:18:58] [Server thread/INFO]: Zombie Aggressive Towards Villager: true
[00:18:58] [Server thread/INFO]: Item Merge Radius: 2.5
[00:18:58] [Server thread/INFO]: Item Despawn Rate: 6000
[00:18:58] [Server thread/INFO]: Arrow Despawn Rate: 1200
[00:18:58] [Server thread/INFO]: Experience Merge Radius: 3.0
[00:18:58] [Server thread/INFO]: Mob Spawn Range: 4
[00:18:58] [Server thread/INFO]: Cactus Growth Modifier: 100%
[00:18:58] [Server thread/INFO]: Cane Growth Modifier: 100%
[00:18:58] [Server thread/INFO]: Melon Growth Modifier: 100%
[00:18:58] [Server thread/INFO]: Mushroom Growth Modifier: 100%
[00:18:58] [Server thread/INFO]: Pumpkin Growth Modifier: 100%
[00:18:58] [Server thread/INFO]: Sapling Growth Modifier: 100%
[00:18:58] [Server thread/INFO]: Wheat Growth Modifier: 100%
[00:18:58] [Server thread/INFO]: NetherWart Growth Modifier: 100%
[00:18:58] [Server thread/INFO]: Vine Growth Modifier: 100%
[00:18:58] [Server thread/INFO]: Cocoa Growth Modifier: 100%
[00:18:58] [Server thread/INFO]: Entity Activation Range: An 32 / Mo 32 / Mi 16
[00:18:58] [Server thread/INFO]: Random Lighting Updates: false
[00:18:58] [Server thread/INFO]: Custom Map Seeds:  Village: 10387312 Feature: 14357617 Monument: 10387313 Slime: 987234911
[00:18:58] [Server thread/INFO]: Tile Max Tick Time: 50ms Entity max Tick Time: 50ms
[00:18:58] [Server thread/INFO]: Hopper Transfer: 8 Hopper Check: 1 Hopper Amount: 1
[00:18:58] [Server thread/INFO]: Structure Info Saving: true
[00:18:58] [Server thread/INFO]: Entity Tracking Range: Pl 48 / An 48 / Mo 48 / Mi 32 / Other 64
[00:18:58] [Server thread/INFO]: Max TNT Explosions: 100
[00:18:59] [Server thread/INFO]: Preparing start region for level 4 (Seed: -3298942280613799380)
[00:19:00] [Server thread/INFO]: Preparing spawn area for world_nether, 12%
[00:19:01] [Server thread/INFO]: Preparing spawn area for world_nether, 48%
[00:19:02] [Server thread/INFO]: Preparing spawn area for world_nether, 77%
[00:19:03] [Server thread/INFO]: [WorldGuard] (world_nether) TNT ignition is PERMITTED.
[00:19:03] [Server thread/INFO]: [WorldGuard] (world_nether) Lighters are PERMITTED.
[00:19:03] [Server thread/INFO]: [WorldGuard] (world_nether) Lava fire is blocked.
[00:19:03] [Server thread/INFO]: [WorldGuard] (world_nether) All fire spread is disabled.
[00:19:03] [Server thread/INFO]: [WorldGuard] Loaded configuration for world 'world_nether'
[00:19:03] [Server thread/INFO]: -------- World Settings For [world_the_end] --------
[00:19:03] [Server thread/INFO]: Allow Zombie Pigmen to spawn from portal blocks: true
[00:19:03] [Server thread/INFO]: View Distance: 10
[00:19:03] [Server thread/INFO]: Nerfing mobs spawned from spawners: false
[00:19:03] [Server thread/INFO]: Zombie Aggressive Towards Villager: true
[00:19:03] [Server thread/INFO]: Item Merge Radius: 2.5
[00:19:03] [Server thread/INFO]: Item Despawn Rate: 6000
[00:19:03] [Server thread/INFO]: Arrow Despawn Rate: 1200
[00:19:03] [Server thread/INFO]: Experience Merge Radius: 3.0
[00:19:03] [Server thread/INFO]: Mob Spawn Range: 4
[00:19:03] [Server thread/INFO]: Cactus Growth Modifier: 100%
[00:19:03] [Server thread/INFO]: Cane Growth Modifier: 100%
[00:19:03] [Server thread/INFO]: Melon Growth Modifier: 100%
[00:19:03] [Server thread/INFO]: Mushroom Growth Modifier: 100%
[00:19:03] [Server thread/INFO]: Pumpkin Growth Modifier: 100%
[00:19:03] [Server thread/INFO]: Sapling Growth Modifier: 100%
[00:19:03] [Server thread/INFO]: Wheat Growth Modifier: 100%
[00:19:03] [Server thread/INFO]: NetherWart Growth Modifier: 100%
[00:19:03] [Server thread/INFO]: Vine Growth Modifier: 100%
[00:19:03] [Server thread/INFO]: Cocoa Growth Modifier: 100%
[00:19:03] [Server thread/INFO]: Entity Activation Range: An 32 / Mo 32 / Mi 16
[00:19:03] [Server thread/INFO]: Random Lighting Updates: false
[00:19:03] [Server thread/INFO]: Custom Map Seeds:  Village: 10387312 Feature: 14357617 Monument: 10387313 Slime: 987234911
[00:19:03] [Server thread/INFO]: Tile Max Tick Time: 50ms Entity max Tick Time: 50ms
[00:19:03] [Server thread/INFO]: Hopper Transfer: 8 Hopper Check: 1 Hopper Amount: 1
[00:19:03] [Server thread/INFO]: Structure Info Saving: true
[00:19:03] [Server thread/INFO]: Entity Tracking Range: Pl 48 / An 48 / Mo 48 / Mi 32 / Other 64
[00:19:03] [Server thread/INFO]: Max TNT Explosions: 100
[00:19:04] [Server thread/INFO]: Preparing start region for level 5 (Seed: -3298942280613799380)
[00:19:05] [Server thread/INFO]: [WorldGuard] (world_the_end) TNT ignition is PERMITTED.
[00:19:05] [Server thread/INFO]: [WorldGuard] (world_the_end) Lighters are PERMITTED.
[00:19:05] [Server thread/INFO]: [WorldGuard] (world_the_end) Lava fire is blocked.
[00:19:05] [Server thread/INFO]: [WorldGuard] (world_the_end) All fire spread is disabled.
[00:19:05] [Server thread/INFO]: [WorldGuard] Loaded configuration for world 'world_the_end'
[00:19:05] [Server thread/INFO]: [MultiWorld] v5.2.8 enabled.
[00:19:05] [Server thread/INFO]: [SkinsRestorer] Enabling SkinsRestorer v13.5-SNAPSHOT
[00:19:05] [Server thread/INFO]: [0;33;1m[[0;32;22mSkinsRestorer[0;33;1m] [0;32;1mDetected Minecraft [0;33;1mv1_12_R1[0;32;1m, using [0;33;1mUniversalSkinFactory[0;32;1m.[m
[00:19:05] [Server thread/INFO]: [dtlCore] Enabling dtlCore v1.1
[00:19:05] [Server thread/INFO]: [dtlCore][0;37;1m[INFO] Loading config files[m
[00:19:05] [Server thread/INFO]: [dtlCore][0;37;1m[INFO] Registering attributes and flags...[m
[00:19:05] [Server thread/INFO]: [dtlCore][0;37;1m[INFO] Enabled[m
[00:19:05] [Server thread/INFO]: [OPSRegion] Enabling OPSRegion v1.0
[00:19:05] [Server thread/INFO]: [PermissionsEx] Enabling PermissionsEx v1.23.4
[00:19:06] [Server thread/INFO]: [PermissionsEx] Initializing file backend
[00:19:06] [Server thread/INFO]: [PermissionsEx] Permissions file successfully reloaded
[00:19:06] [Server thread/INFO]: WEPIF: PermissionsEx обнаружен! Использую PermissionEx для разрешений.
[00:19:06] [Server thread/INFO]: [Vault][Permission] PermissionsEx hooked.
[00:19:06] [Server thread/INFO]: [Vault][Chat] PermissionsEx_Chat hooked.
[00:19:06] [Server thread/INFO]: Essentials: Using PermissionsEx based permissions.
[00:19:06] [Server thread/INFO]: [RandomPort] Enabling RandomPort v2.0
[00:19:06] [Server thread/INFO]: [RandomPort v2.0]  has been enabled.
[00:19:06] [Server thread/INFO]: [RandomPort] has successfully loaded setup from the configuration file!
[00:19:06] [Server thread/INFO]: [RandomPort]is avoiding Block Id's [7, 8, 9, 10, 11]
[00:19:06] [Server thread/INFO]: [WGExtender] Enabling WGExtender v1.0
[00:19:06] [Server thread/INFO]: [ViaVersion] Enabling ViaVersion v1.3.0
[00:19:06] [Server thread/INFO]: [CustomJoinItems] Enabling CustomJoinItems v1.5.2
[00:19:06] [Server thread/INFO]: [MineResetLite] Enabling MineResetLite v0.4.7
[00:19:06] [Server thread/INFO]: [MineResetLite] MRL is managed and developed by Boomclaw under the Apache 2.0 license.
[00:19:06] [Server thread/INFO]: [MineResetLite] For any issues or suggestions, use the Spigot discussion thread. Do not PM any of the developers.
[00:19:07] [Server thread/INFO]: [EssentialsSpawn] Enabling EssentialsSpawn v2.0.1-b468
[00:19:07] [Server thread/WARN]: §4Версии не совпадают! Обнови все компоненты Essentials до актуальной версии.
[00:19:07] [Server thread/INFO]: [TitleManager] Enabling TitleManager v2.0.6
[00:19:11] [Server thread/INFO]: [Jobs] Enabling Jobs v4.9.1
[00:19:13] [Server thread/INFO]: [0;33;1m[Jobs] Loaded 8 titles![m
[00:19:13] [Server thread/INFO]: [0;33;1m[Jobs] Loaded 48 protected blocks timers![m
[00:19:16] [Server thread/INFO]: [0;33;1m[Jobs] Loaded 441 custom item names![m
[00:19:16] [Server thread/INFO]: [0;33;1m[Jobs] Loaded 51 custom entity names![m
[00:19:16] [Server thread/INFO]: [0;33;1m[Jobs] Loaded 34 custom enchant names![m
[00:19:16] [Server thread/INFO]: [0;33;1m[Jobs] Loaded 16 custom color names![m
[00:19:16] [Server thread/INFO]: [0;33;1m[Jobs] Loaded 4 shop items![m
[00:19:17] [Server thread/WARN]: [Jobs] Job Дровосек has an invalid Break type property: WOOD!
[00:19:17] [Server thread/WARN]: [Jobs] Job Дровосек has an invalid Place type property: WOOD!
[00:19:17] [Server thread/WARN]: [Jobs] Job Строитель has an invalid Place type property: WOOD!
[00:19:17] [Server thread/WARN]: [Jobs] Job Строитель has an invalid Place type property: BRICK (BRICK)! Material must be a block!
[00:19:17] [Server thread/WARN]: [Jobs] Job Строитель has an invalid Place type property: DOUBLE_STEP!
[00:19:17] [Server thread/WARN]: [Jobs] Job Охотник has an invalid Kill type property: 54-1!
[00:19:17] [Server thread/WARN]: [Jobs] Job Охотник has an invalid Kill type property: 68-1!
[00:19:17] [Server thread/WARN]: [Jobs] Job Охотник has an invalid Kill type property: 51-1!
[00:19:17] [Server thread/WARN]: [Jobs] Job Охотник has an invalid Kill type property: LavaSlime!
[00:19:17] [Server thread/WARN]: [Jobs] Job Охотник has an invalid Kill type property: WitherBoss!
[00:19:17] [Server thread/WARN]: [Jobs] Job Охотник has an invalid Kill type property: Ozelot!
[00:19:17] [Server thread/WARN]: [Jobs] Job Охотник has an invalid Kill type property: VillagerGolem!
[00:19:17] [Server thread/INFO]: [0;33;1m[Jobs] Loaded 10 jobs![m
[00:19:17] [Server thread/INFO]: [0;33;22m[Jobs] Explorer jobs manager are not enabled![m
[00:19:17] [Jobs-DatabaseSaveTask/INFO]: [0;33;1m[Jobs] Started database save task.[m
[00:19:17] [Jobs-BufferedPaymentThread/INFO]: [0;33;1m[Jobs] Started buffered payment thread.[m
[00:19:17] [Server thread/INFO]: [0;33;1m[Jobs] Preloaded 16 players data in 0.02[m
[00:19:17] [Server thread/INFO]: [0;33;1m[Jobs] WorldGuard detected.[m
[00:19:17] [Server thread/INFO]: [0;33;1m[Jobs] Loaded 1 furnaces and 0 brewing stands for reassigning[m
[00:19:17] [Server thread/INFO]: [0;33;1m[Jobs] Plugin has been enabled successfully.[m
[00:19:17] [Server thread/INFO]: [Marriage] Enabling Marriage v2.0.18
[00:19:17] [Server thread/INFO]: [Marriage] Loading config...
[00:19:17] [Server thread/INFO]: [Marriage] Hooked with PermissionsEx using Vault!
[00:19:17] [Server thread/INFO]: [Marriage] Loading dependencies...
[00:19:17] [Server thread/INFO]: [Marriage] Loading listeners...
[00:19:18] [Server thread/INFO]: [Marriage] Loading commands...
[00:19:18] [Server thread/INFO]: [Marriage] Loading database...
[00:19:18] [Server thread/INFO]: [Marriage] Loading updater...
[00:19:18] [Server thread/INFO]: [Marriage] Loading converter...
[00:19:18] [Server thread/INFO]: [Marriage] Completed plugin load stage.
[00:19:18] [Server thread/INFO]: [ShoppingCartReloaded] Enabling ShoppingCartReloaded v1.2u11
[00:19:18] [Server thread/INFO]: [ShoppingCartReloaded] Checking for libraries...
[00:19:18] [Server thread/INFO]: [ShoppingCartReloaded] scala-library-2.11.0.jar is already installed
[00:19:18] [Server thread/INFO]: [ShoppingCartReloaded] ormlite-core-4.48.jar is already installed
[00:19:18] [Server thread/INFO]: [ShoppingCartReloaded] ormlite-jdbc-4.48.jar is already installed
[00:19:18] [Server thread/INFO]: [ShoppingCartReloaded] gson-2.1.jar is already installed
[00:19:18] [Server thread/INFO]: [ShoppingCartReloaded] Injected file:/E:/Artyom/MInecraft%20Servers/fine-world/server1/plugins/ShoppingCartReloaded/lib/scala-library-2.11.0.jar into ClassLoader
[00:19:18] [Server thread/INFO]: [ShoppingCartReloaded] Injected file:/E:/Artyom/MInecraft%20Servers/fine-world/server1/plugins/ShoppingCartReloaded/lib/ormlite-core-4.48.jar into ClassLoader
[00:19:18] [Server thread/INFO]: [ShoppingCartReloaded] Injected file:/E:/Artyom/MInecraft%20Servers/fine-world/server1/plugins/ShoppingCartReloaded/lib/ormlite-jdbc-4.48.jar into ClassLoader
[00:19:18] [Server thread/INFO]: [ShoppingCartReloaded] Injected file:/E:/Artyom/MInecraft%20Servers/fine-world/server1/plugins/ShoppingCartReloaded/lib/gson-2.1.jar into ClassLoader
[00:19:18] [Server thread/INFO]: [ShoppingCartReloaded] Using PermissionEx
[00:19:19] [Server thread/ERROR]: Error occurred while enabling ShoppingCartReloaded v1.2u11 (Is it up to date?)
java.lang.NoSuchMethodError: org.bukkit.configuration.file.YamlConfiguration.loadConfiguration(Ljava/io/InputStream;)Lorg/bukkit/configuration/file/YamlConfiguration;
	at me.limito.bukkit.shopcart.ShoppingCartReloaded.loadYamlAndMerge(ShoppingCartReloaded.scala:167) ~[?:?]
	at me.limito.bukkit.shopcart.ShoppingCartReloaded.loadMessages(ShoppingCartReloaded.scala:57) ~[?:?]
	at me.limito.bukkit.shopcart.ShoppingCartReloaded.reload(ShoppingCartReloaded.scala:45) ~[?:?]
	at me.limito.bukkit.shopcart.ShoppingCartReloaded.onEnable(ShoppingCartReloaded.scala:29) ~[?:?]
	at me.limito.bukkit.shopcart.PluginPreloader.onEnable(PluginPreloader.java:67) ~[?:?]
	at org.bukkit.plugin.java.JavaPlugin.setEnabled(JavaPlugin.java:264) ~[spigot-1.12.2.jar:git-Spigot-95dd097-305df90]
	at org.bukkit.plugin.java.JavaPluginLoader.enablePlugin(JavaPluginLoader.java:337) [spigot-1.12.2.jar:git-Spigot-95dd097-305df90]
	at org.bukkit.plugin.SimplePluginManager.enablePlugin(SimplePluginManager.java:403) [spigot-1.12.2.jar:git-Spigot-95dd097-305df90]
	at org.bukkit.craftbukkit.v1_12_R1.CraftServer.enablePlugin(CraftServer.java:384) [spigot-1.12.2.jar:git-Spigot-95dd097-305df90]
	at org.bukkit.craftbukkit.v1_12_R1.CraftServer.enablePlugins(CraftServer.java:333) [spigot-1.12.2.jar:git-Spigot-95dd097-305df90]
	at net.minecraft.server.v1_12_R1.MinecraftServer.t(MinecraftServer.java:422) [spigot-1.12.2.jar:git-Spigot-95dd097-305df90]
	at net.minecraft.server.v1_12_R1.MinecraftServer.l(MinecraftServer.java:383) [spigot-1.12.2.jar:git-Spigot-95dd097-305df90]
	at net.minecraft.server.v1_12_R1.MinecraftServer.a(MinecraftServer.java:338) [spigot-1.12.2.jar:git-Spigot-95dd097-305df90]
	at net.minecraft.server.v1_12_R1.DedicatedServer.init(DedicatedServer.java:272) [spigot-1.12.2.jar:git-Spigot-95dd097-305df90]
	at net.minecraft.server.v1_12_R1.MinecraftServer.run(MinecraftServer.java:545) [spigot-1.12.2.jar:git-Spigot-95dd097-305df90]
	at java.lang.Thread.run(Unknown Source) [?:?]
[00:19:19] [Server thread/INFO]: [WClans] Enabling WClans v1.0
[00:19:19] [Server thread/INFO]: [0;32;1m[WClans] Соединение с базой данных успешно установлено.[m
[00:19:19] [Server thread/INFO]: [0;32;1m[WClans] База кланов загружена.[m
[00:19:19] [Server thread/INFO]: [0;32;1m[WClans] [0;32;1mПлагин включен (241 ms).[m
[00:19:19] [Server thread/INFO]: [NoCheatPlus] Enabling NoCheatPlus v3.15.0-SNAPSHOT-sMD5NET-b1066
[00:19:19] [Server thread/WARN]: [NoCheatPlus] The Minecraft version seems to be more recent than the one Compat-CB-Reflect has been built with - this might work, but there could be incompatibilities.
[00:19:19] [Server thread/INFO]: [NoCheatPlus] McAccess set to: 1.4.5-1.11|? / CB-Reflect
[00:19:19] [Server thread/INFO]: [NoCheatPlus] Added block-info for Minecraft 1.5 blocks.
[00:19:19] [Server thread/INFO]: [NoCheatPlus] Added block-info for Minecraft 1.6.1 blocks.
[00:19:19] [Server thread/INFO]: [NoCheatPlus] Added block-info for Minecraft 1.7.2 blocks.
[00:19:19] [Server thread/INFO]: [NoCheatPlus] Added block-info for Minecraft 1.8 blocks.
[00:19:19] [Server thread/INFO]: [NoCheatPlus] Added block-info for Minecraft 1.9 blocks.
[00:19:19] [Server thread/INFO]: [NoCheatPlus] Added block-info for Minecraft 1.10 blocks.
[00:19:19] [Server thread/INFO]: [NoCheatPlus] Added block-info for Minecraft 1.11 blocks.
[00:19:20] [Server thread/INFO]: [NoCheatPlus] Inventory checks: FastConsume is available, disabled InstantEat.
[00:19:20] [Server thread/WARN]: [NoCheatPlus] Packet level access via ProtocolLib not available, supported configurations:  | ProtocolLib 4.2.0 or later for Minecraft 1.11.x | ProtocolLib 4.1 or later for Minecraft 1.8.x to 1.10.x | ProtocolLib 3.7.0 for Minecraft 1.7.x and earlier | ProtocolLib 3.6.6 for PaperSpigot 1.8.x
[00:19:20] [Server thread/INFO]: [NoCheatPlus] Force disable FastHeal on Minecraft 1.9 and later.
[00:19:20] [Server thread/WARN]: [NoCheatPlus] The following configuration default values have changed:
Changed with build 1057: strings.nofall
(Remove/update individual values or set configversion.created to 1057 to ignore all, then reload the configuration with the 'ncp reload' command.)
[00:19:20] [Server thread/INFO]: [NoCheatPlus] Version 3.15.0-SNAPSHOT-sMD5NET-b1066 is enabled.
[00:19:20] [Server thread/INFO]: [Citizens] Enabling Citizens v2.0.22-SNAPSHOT (build 1487)
[00:19:20] [Server thread/ERROR]: [Citizens] Missing preferred location bundle.
[00:19:21] [Server thread/INFO]: [ChestCommands] Enabling ChestCommands v3.1.4
[00:19:22] [Server thread/INFO]: [ChatEx] Enabling ChatEx v1.6
[00:19:22] [Server thread/INFO]: [ChatEx] Loading updater by TheJeterLP. Project id: 65863
[00:19:22] [Server thread/INFO]: [ChatEx] Loading updater-config...
[00:19:22] [Server thread/INFO]: [ChatEx] Done!
[00:19:22] [Server thread/INFO]: [ChatEx] Updatechecker is enabled.
[00:19:22] [Server thread/INFO]: [ChatEx] Successfully hooked into: PermissionsEx
[00:19:22] [Server thread/INFO]: [ChatEx] Listener registered with Priority: LOWEST
[00:19:22] [Server thread/INFO]: [ChatEx] is now enabled!
[00:19:22] [Server thread/INFO]: [ServerSigns] Enabling ServerSigns v4.5.1
[00:19:23] [Server thread/INFO]: [ServerSigns] Version 4.5.1 is now enabled.
[00:19:23] [Server thread/INFO]: [HolographicDisplays] Enabling HolographicDisplays v2.2.6
[00:19:23] [Server thread/INFO]: [HolographicDisplays] Found ProtocolLib, using new version.
[00:19:23] [Server thread/INFO]: [HolographicDisplays] Enabled player relative placeholders with ProtocolLib.
[00:19:23] [Server thread/INFO]: [SystemBoard] Enabling SystemBoard v1.0
[00:19:23] [Server thread/INFO]: [0;32;1m[SystemBoard] Соединение с базой данных успешно установлено.[m
[00:19:23] [Server thread/INFO]: {stevegrkek2=ru.jampire.systemboard.Stat@4eea2696, stevegrkek1=ru.jampire.systemboard.Stat@1f63d959, stevegrkek=ru.jampire.systemboard.Stat@714b673e, mum1a=ru.jampire.systemboard.Stat@1e14da7a, kysaka=ru.jampire.systemboard.Stat@1d591b8, annezlove=ru.jampire.systemboard.Stat@fd29ca, odmen=ru.jampire.systemboard.Stat@2aa5dc7c, paradoxgrkek=ru.jampire.systemboard.Stat@12da0458, mumla=ru.jampire.systemboard.Stat@3f2f0fea, moneygod=ru.jampire.systemboard.Stat@56f5d2bc, darcq=ru.jampire.systemboard.Stat@5237b222, meraminer=ru.jampire.systemboard.Stat@100d84f8, frozentrone=ru.jampire.systemboard.Stat@579a994c, eleforcreate=ru.jampire.systemboard.Stat@2f82c131, sato_godofsurf=ru.jampire.systemboard.Stat@40cbc041, sato=ru.jampire.systemboard.Stat@3c1db6e4, mitiazavr=ru.jampire.systemboard.Stat@3fce18d2}
[00:19:23] [Server thread/INFO]: [0;32;1m[SystemBoard] База статистики загружена. (17)[m
[00:19:23] [Server thread/INFO]: [0;32;1m[SystemBoard] Запуск в пакетном режиме ProtocolLib.[m
[00:19:23] [Server thread/INFO]: [0;32;1m[SystemBoard] Плагин включен. ([0;33;1m99 ms[0;32;1m)[m
[00:19:23] [Server thread/INFO]: [dtlTraders] Enabling dtlTraders v3.5.4
[00:19:23] [Server thread/INFO]: [dtlTraders] dtlTraders is managed by 4Creation. Our website: www.4Creation.pro
[00:19:23] [Server thread/INFO]: [0;31;1mDtlCore is implemented with DtlTraders and is now ONE plugin :)[m
[00:19:23] [Server thread/INFO]: [dtlCore] Disabling dtlCore v1.1
[00:19:23] [Server thread/INFO]: [0;31;1mDtlCore has been found and is disabled.[m
[00:19:24] [Server thread/INFO]: [dtlTraders][0;37;1m[INFO] Loading config files[m
[00:19:24] [Server thread/INFO]: [dtlTraders][0;37;1m[INFO] Registering attributes and flags...[m
[00:19:24] [Server thread/INFO]: [dtlTraders][0;37;1m[INFO] Economy plugin: [0;33;1mEssentials Economy[m
[00:19:24] [Server thread/INFO]: [dtlTraders][0;37;1m[INFO] Loading config files[m
[00:19:24] [Server thread/INFO]: [dtlTraders][0;37;1m[INFO] Registered types: [0;37;1m[[0;33;1mserver[m[0;37;1m][m
[00:19:24] [Server thread/INFO]: [dtlTraders][0;37;1m[INFO] Permission plugin: [0;33;1mPermissionsEx[m
[00:19:24] [Server thread/INFO]: [dtlTraders][0;37;1m[INFO] Enabled[m
[00:19:24] [Server thread/INFO]: [ItemFixer] Enabling ItemFixer v2.7.8
[00:19:24] [Server thread/INFO]: [0;36;1m[ItemFixer] [0;32;1mItemFixer enabled[m
[00:19:24] [Server thread/INFO]: Server permissions file permissions.yml is empty, ignoring it
[00:19:25] [Server thread/INFO]: Done (50,274s)! For help, type "help" or "?"
[00:19:25] [Server thread/INFO]: Using default channel type
[00:19:25] [Thread-15/INFO]: [0;36;1m[ItemFixer] [0;31;22mНе удалось проверить обновление [0;33;1m:( [0;37;22m// [0;31;22mCan't check update[m
[00:19:25] [Thread-15/WARN]: [ItemFixer] Ошибка: 
java.net.ConnectException: Connection refused: connect
	at java.net.DualStackPlainSocketImpl.connect0(Native Method) ~[?:?]
	at java.net.DualStackPlainSocketImpl.socketConnect(Unknown Source) ~[?:?]
	at java.net.AbstractPlainSocketImpl.doConnect(Unknown Source) ~[?:?]
	at java.net.AbstractPlainSocketImpl.connectToAddress(Unknown Source) ~[?:?]
	at java.net.AbstractPlainSocketImpl.connect(Unknown Source) ~[?:?]
	at java.net.PlainSocketImpl.connect(Unknown Source) ~[?:?]
	at java.net.Socket.connect(Unknown Source) ~[?:?]
	at java.net.Socket.connect(Unknown Source) ~[?:?]
	at sun.net.NetworkClient.doConnect(Unknown Source) ~[?:?]
	at sun.net.www.http.HttpClient.openServer(Unknown Source) ~[?:?]
	at sun.net.www.http.HttpClient.openServer(Unknown Source) ~[?:?]
	at sun.net.www.http.HttpClient.<init>(Unknown Source) ~[?:?]
	at sun.net.www.http.HttpClient.New(Unknown Source) ~[?:?]
	at sun.net.www.http.HttpClient.New(Unknown Source) ~[?:?]
	at sun.net.www.protocol.http.HttpURLConnection.getNewHttpClient(Unknown Source) ~[?:?]
	at sun.net.www.protocol.http.HttpURLConnection.plainConnect0(Unknown Source) ~[?:?]
	at sun.net.www.protocol.http.HttpURLConnection.plainConnect(Unknown Source) ~[?:?]
	at sun.net.www.protocol.http.HttpURLConnection.connect(Unknown Source) ~[?:?]
	at sun.net.www.protocol.http.HttpURLConnection.getInputStream0(Unknown Source) ~[?:?]
	at sun.net.www.protocol.http.HttpURLConnection.getInputStream(Unknown Source) ~[?:?]
	at java.net.URL.openStream(Unknown Source) ~[?:?]
	at ru.xtime.nbtfix.Main.checkUpdate(Main.java:75) [ItemFixer.jar:?]
	at ru.xtime.nbtfix.Main$1.run(Main.java:36) [ItemFixer.jar:?]
	at java.lang.Thread.run(Unknown Source) [?:?]
[00:19:27] [Server thread/INFO]: [ViaVersion] ViaVersion detected server version: 1.12.2(340)
[00:19:27] [Server thread/INFO]: [0;33;1m[Jobs] Successfully linked with Vault.[m
[00:19:27] [Craft Scheduler Thread - 9/INFO]: [Marriage] Purged 0 player entries in 9ms
[00:19:27] [Craft Scheduler Thread - 10/INFO]: [NoCheatPlus] Added hook: AllViolations(NCP) [1.0].
[00:19:27] [Server thread/WARN]: [NoCheatPlus] The block breaking data is incomplete, default to allow instant breaking:
--- Missing entries -------------------------------
* MISSING 235(WHITE_GLAZED_TERRACOTTA / SOLID+GROUND) 
* MISSING 236(ORANGE_GLAZED_TERRACOTTA / SOLID+GROUND) 
* MISSING 237(MAGENTA_GLAZED_TERRACOTTA / SOLID+GROUND) 
* MISSING 238(LIGHT_BLUE_GLAZED_TERRACOTTA / SOLID+GROUND) 
* MISSING 239(YELLOW_GLAZED_TERRACOTTA / SOLID+GROUND) 
* MISSING 240(LIME_GLAZED_TERRACOTTA / SOLID+GROUND) 
* MISSING 241(PINK_GLAZED_TERRACOTTA / SOLID+GROUND) 
* MISSING 242(GRAY_GLAZED_TERRACOTTA / SOLID+GROUND) 
* MISSING 243(SILVER_GLAZED_TERRACOTTA / SOLID+GROUND) 
* MISSING 244(CYAN_GLAZED_TERRACOTTA / SOLID+GROUND) 
* MISSING 245(PURPLE_GLAZED_TERRACOTTA / SOLID+GROUND) 
* MISSING 246(BLUE_GLAZED_TERRACOTTA / SOLID+GROUND) 
* MISSING 247(BROWN_GLAZED_TERRACOTTA / SOLID+GROUND) 
* MISSING 248(GREEN_GLAZED_TERRACOTTA / SOLID+GROUND) 
* MISSING 249(RED_GLAZED_TERRACOTTA / SOLID+GROUND) 
* MISSING 250(BLACK_GLAZED_TERRACOTTA / SOLID+GROUND) 
* MISSING 251(CONCRETE / SOLID+GROUND) 
* MISSING 252(CONCRETE_POWDER / SOLID+GROUND) 
[00:19:27] [Server thread/INFO]: [NoCheatPlus] Post-enable running...
[00:19:32] [Server thread/INFO]: [NoCheatPlus] Post-enable finished.
[00:19:32] [Server thread/INFO]: [HolographicDisplays] Found a new version available: v2.3.1
[00:19:32] [Server thread/INFO]: [HolographicDisplays] Download it on Bukkit Dev:
[00:19:32] [Server thread/INFO]: [HolographicDisplays] dev.bukkit.org/bukkit-plugins/holographic-displays
[00:19:33] [Server thread/INFO]: [Citizens] Loaded 7 NPCs.
[00:19:33] [Craft Scheduler Thread - 10/INFO]: [Vault] Checking for Updates ... 
[00:19:33] [Server thread/WARN]: [ViaVersion] There is a newer version available: 1.6.0, you're on: 1.3.0
[00:19:34] [Craft Scheduler Thread - 9/WARN]: [SpigetUpdate] Invalid SemVer versions specified [135-SNAPSHOT] [1351]
[00:19:34] [Craft Scheduler Thread - 9/INFO]: [0;33;1m[[0;32;22mSkinsRestorer[0;33;1m] [0;32;1m----------------------------------------------[m
[00:19:34] [Craft Scheduler Thread - 9/INFO]: [0;33;1m[[0;32;22mSkinsRestorer[0;33;1m] [0;32;1m    +===============+[m
[00:19:34] [Craft Scheduler Thread - 9/INFO]: [0;33;1m[[0;32;22mSkinsRestorer[0;33;1m] [0;32;1m    | SkinsRestorer |[m
[00:19:34] [Craft Scheduler Thread - 9/INFO]: [0;33;1m[[0;32;22mSkinsRestorer[0;33;1m] [0;32;1m    +===============+[m
[00:19:34] [Craft Scheduler Thread - 9/INFO]: [0;33;1m[[0;32;22mSkinsRestorer[0;33;1m] [0;32;1m----------------------------------------------[m
[00:19:34] [Craft Scheduler Thread - 9/INFO]: [0;33;1m[[0;32;22mSkinsRestorer[0;33;1m] [0;36;1m    Current version: [0;32;1m13.5-SNAPSHOT[m
[00:19:34] [Craft Scheduler Thread - 9/INFO]: [0;33;1m[[0;32;22mSkinsRestorer[0;33;1m] [0;32;1m    This is the latest version![m
[00:19:34] [Craft Scheduler Thread - 9/INFO]: [0;33;1m[[0;32;22mSkinsRestorer[0;33;1m] [0;32;1m----------------------------------------------[m
[00:19:34] [Craft Scheduler Thread - 10/WARN]: [Vault] Stable Version: 1.7.1 is out! You are still running version: 1.5.6
[00:19:34] [Craft Scheduler Thread - 10/WARN]: [Vault] Update at: http://dev.bukkit.org/server-mods/vault
[00:19:36] [Server thread/WARN]: [HolographicDisplays] Unable to get a stacktrace element, please inform the developer. You will only see this error once to avoid spam.
java.lang.NoSuchMethodException: java.lang.Throwable.getStackTraceElement(int)
	at java.lang.Class.getDeclaredMethod(Unknown Source) ~[?:?]
	at com.gmail.filoghost.holographicdisplays.util.ReflectionUtils.getStackTraceElement(ReflectionUtils.java:44) [HolographicDisplays.jar:?]
	at com.gmail.filoghost.holographicdisplays.nms.v1_12_R1.EntityNMSArmorStand.getId(EntityNMSArmorStand.java:139) [HolographicDisplays.jar:?]
	at net.minecraft.server.v1_12_R1.PacketPlayOutEntityTeleport.<init>(SourceFile:22) [spigot-1.12.2.jar:git-Spigot-95dd097-305df90]
	at com.gmail.filoghost.holographicdisplays.nms.v1_12_R1.EntityNMSArmorStand.setLocationNMS(EntityNMSArmorStand.java:202) [HolographicDisplays.jar:?]
	at com.gmail.filoghost.holographicdisplays.nms.v1_12_R1.NmsManagerImpl.spawnNMSArmorStand(NmsManagerImpl.java:106) [HolographicDisplays.jar:?]
	at com.gmail.filoghost.holographicdisplays.object.line.CraftTextLine.spawn(CraftTextLine.java:75) [HolographicDisplays.jar:?]
	at com.gmail.filoghost.holographicdisplays.object.CraftHologram.spawnEntities(CraftHologram.java:300) [HolographicDisplays.jar:?]
	at com.gmail.filoghost.holographicdisplays.object.CraftHologram.refreshAll(CraftHologram.java:247) [HolographicDisplays.jar:?]
	at com.gmail.filoghost.holographicdisplays.task.StartupLoadHologramsTask.run(StartupLoadHologramsTask.java:11) [HolographicDisplays.jar:?]
	at org.bukkit.craftbukkit.v1_12_R1.scheduler.CraftTask.run(CraftTask.java:71) [spigot-1.12.2.jar:git-Spigot-95dd097-305df90]
	at org.bukkit.craftbukkit.v1_12_R1.scheduler.CraftScheduler.mainThreadHeartbeat(CraftScheduler.java:353) [spigot-1.12.2.jar:git-Spigot-95dd097-305df90]
	at net.minecraft.server.v1_12_R1.MinecraftServer.D(MinecraftServer.java:739) [spigot-1.12.2.jar:git-Spigot-95dd097-305df90]
	at net.minecraft.server.v1_12_R1.DedicatedServer.D(DedicatedServer.java:406) [spigot-1.12.2.jar:git-Spigot-95dd097-305df90]
	at net.minecraft.server.v1_12_R1.MinecraftServer.C(MinecraftServer.java:679) [spigot-1.12.2.jar:git-Spigot-95dd097-305df90]
	at net.minecraft.server.v1_12_R1.MinecraftServer.run(MinecraftServer.java:577) [spigot-1.12.2.jar:git-Spigot-95dd097-305df90]
	at java.lang.Thread.run(Unknown Source) [?:?]
[00:19:37] [Netty Server IO #1/DEBUG]: Set listener of net.minecraft.server.v1_12_R1.NetworkManager@3091798b to net.minecraft.server.v1_12_R1.HandshakeListener@56132c66
[00:19:37] [Netty Server IO #1/DEBUG]: Enabled auto read
[00:19:39] [Netty Server IO #1/DEBUG]: Enabled auto read
[00:19:39] [Netty Server IO #1/DEBUG]: Set listener of net.minecraft.server.v1_12_R1.NetworkManager@3091798b to net.minecraft.server.v1_12_R1.PacketStatusListener@42485341
[00:19:42] [Server thread/INFO]: [ChatEx] There is no new version available. You are up-to-date!
[00:19:53] [Craft Scheduler Thread - 8/INFO]: [Metrics] Connection timed out: connect
[00:21:43] [Netty Server IO #2/DEBUG]: Set listener of net.minecraft.server.v1_12_R1.NetworkManager@c5abe7b to net.minecraft.server.v1_12_R1.HandshakeListener@666fdacf
[00:21:43] [Netty Server IO #2/DEBUG]: Enabled auto read
[00:21:43] [Netty Server IO #2/DEBUG]: Enabled auto read
[00:21:43] [Netty Server IO #2/DEBUG]: Set listener of net.minecraft.server.v1_12_R1.NetworkManager@c5abe7b to net.minecraft.server.v1_12_R1.PacketStatusListener@74adb222
[00:24:03] [Netty Server IO #3/DEBUG]: Set listener of net.minecraft.server.v1_12_R1.NetworkManager@2f10ac45 to net.minecraft.server.v1_12_R1.HandshakeListener@79548c29
[00:24:03] [Netty Server IO #3/DEBUG]: Enabled auto read
[00:24:03] [Netty Server IO #3/DEBUG]: Enabled auto read
[00:24:03] [Netty Server IO #3/DEBUG]: Set listener of net.minecraft.server.v1_12_R1.NetworkManager@2f10ac45 to net.minecraft.server.v1_12_R1.PacketStatusListener@57789bd5
[00:24:34] [Netty Server IO #0/DEBUG]: Set listener of net.minecraft.server.v1_12_R1.NetworkManager@52dfb2fa to net.minecraft.server.v1_12_R1.HandshakeListener@3be78c90
[00:24:34] [Netty Server IO #0/DEBUG]: Enabled auto read
[00:24:34] [Netty Server IO #0/DEBUG]: Enabled auto read
[00:24:34] [Netty Server IO #0/DEBUG]: Set listener of net.minecraft.server.v1_12_R1.NetworkManager@52dfb2fa to net.minecraft.server.v1_12_R1.PacketStatusListener@2185aaee
[00:26:29] [Server thread/INFO]: [0;30;1m([0;36;1m[21mｆｉｎｅ[0;33;1m[21mＷｏｒｌｄ[0;30;1m) [0;33;22m[21mВнимание! Все предметы лежащие на полу будут уничтожены через [0;37;22m60 [0;33;22m[21mсекунд![m
[00:27:10] [Server thread/INFO]: [0;30;1m([0;36;1m[21mｆｉｎｅ[0;33;1m[21mＷｏｒｌｄ[0;30;1m) [0;33;22m[21mВнимание! Все предметы лежащие на полу будут уничтожены через [0;37;22m20 [0;33;22m[21mсекунд![m
[00:27:30] [Server thread/INFO]: [0;30;1m([0;36;1mｆｉｎｅ[0;33;1mＷｏｒｌｄ[0;30;1m) [0;32;1m[21mБыло удалено [0;37;22m0 [0;32;1m[21mпредметов[m
[00:30:59] [Craft Scheduler Thread - 8/INFO]: [Metrics] Server returned HTTP response code: 504 for URL: http://mcstats.org/report/ServerSigns
[00:34:19] [Server thread/INFO]: [0;30;1m([0;36;1m[21mｆｉｎｅ[0;33;1m[21mＷｏｒｌｄ[0;30;1m) [0;33;22m[21mВнимание! Все предметы лежащие на полу будут уничтожены через [0;37;22m60 [0;33;22m[21mсекунд![m
[00:34:59] [Server thread/INFO]: [0;30;1m([0;36;1m[21mｆｉｎｅ[0;33;1m[21mＷｏｒｌｄ[0;30;1m) [0;33;22m[21mВнимание! Все предметы лежащие на полу будут уничтожены через [0;37;22m20 [0;33;22m[21mсекунд![m
[00:35:20] [Server thread/INFO]: [0;30;1m([0;36;1mｆｉｎｅ[0;33;1mＷｏｒｌｄ[0;30;1m) [0;32;1m[21mБыло удалено [0;37;22m0 [0;32;1m[21mпредметов[m
[00:40:12] [Craft Scheduler Thread - 18/INFO]: [Metrics] Server returned HTTP response code: 500 for URL: http://mcstats.org/report/ServerSigns
[00:42:09] [Server thread/INFO]: [0;30;1m([0;36;1m[21mｆｉｎｅ[0;33;1m[21mＷｏｒｌｄ[0;30;1m) [0;33;22m[21mВнимание! Все предметы лежащие на полу будут уничтожены через [0;37;22m60 [0;33;22m[21mсекунд![m
[00:42:50] [Server thread/INFO]: [0;30;1m([0;36;1m[21mｆｉｎｅ[0;33;1m[21mＷｏｒｌｄ[0;30;1m) [0;33;22m[21mВнимание! Все предметы лежащие на полу будут уничтожены через [0;37;22m20 [0;33;22m[21mсекунд![m
[00:43:10] [Server thread/INFO]: [0;30;1m([0;36;1mｆｉｎｅ[0;33;1mＷｏｒｌｄ[0;30;1m) [0;32;1m[21mБыло удалено [0;37;22m0 [0;32;1m[21mпредметов[m
[00:46:17] [Netty Server IO #1/DEBUG]: Set listener of net.minecraft.server.v1_12_R1.NetworkManager@5fe33330 to net.minecraft.server.v1_12_R1.HandshakeListener@66fc0234
[00:46:17] [Netty Server IO #1/DEBUG]: Enabled auto read
[00:46:17] [Netty Server IO #1/DEBUG]: Enabled auto read
[00:46:17] [Netty Server IO #1/DEBUG]: Set listener of net.minecraft.server.v1_12_R1.NetworkManager@5fe33330 to net.minecraft.server.v1_12_R1.PacketStatusListener@33d32898
[00:50:05] [Server thread/INFO]: [0;30;1m([0;36;1m[21mｆｉｎｅ[0;33;1m[21mＷｏｒｌｄ[0;30;1m) [0;33;22m[21mВнимание! Все предметы лежащие на полу будут уничтожены через [0;37;22m60 [0;33;22m[21mсекунд![m
[00:50:46] [Server thread/INFO]: [0;30;1m([0;36;1m[21mｆｉｎｅ[0;33;1m[21mＷｏｒｌｄ[0;30;1m) [0;33;22m[21mВнимание! Все предметы лежащие на полу будут уничтожены через [0;37;22m20 [0;33;22m[21mсекунд![m
[00:51:02] [Craft Scheduler Thread - 33/INFO]: [Metrics] Read timed out
[00:51:07] [Server thread/INFO]: [0;30;1m([0;36;1mｆｉｎｅ[0;33;1mＷｏｒｌｄ[0;30;1m) [0;32;1m[21mБыло удалено [0;37;22m0 [0;32;1m[21mпредметов[m
[00:58:07] [Server thread/INFO]: [0;30;1m([0;36;1m[21mｆｉｎｅ[0;33;1m[21mＷｏｒｌｄ[0;30;1m) [0;33;22m[21mВнимание! Все предметы лежащие на полу будут уничтожены через [0;37;22m60 [0;33;22m[21mсекунд![m
[00:58:48] [Server thread/INFO]: [0;30;1m([0;36;1m[21mｆｉｎｅ[0;33;1m[21mＷｏｒｌｄ[0;30;1m) [0;33;22m[21mВнимание! Все предметы лежащие на полу будут уничтожены через [0;37;22m20 [0;33;22m[21mсекунд![m
[00:59:07] [Netty Server IO #2/DEBUG]: Set listener of net.minecraft.server.v1_12_R1.NetworkManager@23976e80 to net.minecraft.server.v1_12_R1.HandshakeListener@5dbd844
[00:59:07] [Netty Server IO #2/DEBUG]: Enabled auto read
[00:59:07] [Netty Server IO #2/DEBUG]: Enabled auto read
[00:59:07] [Netty Server IO #2/DEBUG]: Set listener of net.minecraft.server.v1_12_R1.NetworkManager@23976e80 to net.minecraft.server.v1_12_R1.PacketStatusListener@2dc56621
[00:59:08] [Netty Server IO #3/DEBUG]: Set listener of net.minecraft.server.v1_12_R1.NetworkManager@36481b29 to net.minecraft.server.v1_12_R1.HandshakeListener@1e2deeeb
[00:59:08] [Netty Server IO #3/DEBUG]: Enabled auto read
[00:59:08] [Netty Server IO #3/DEBUG]: Enabled auto read
[00:59:08] [Netty Server IO #3/DEBUG]: Set listener of net.minecraft.server.v1_12_R1.NetworkManager@36481b29 to net.minecraft.server.v1_12_R1.PacketStatusListener@8bc94d5
[00:59:09] [Server thread/INFO]: [0;30;1m([0;36;1mｆｉｎｅ[0;33;1mＷｏｒｌｄ[0;30;1m) [0;32;1m[21mБыло удалено [0;37;22m0 [0;32;1m[21mпредметов[m
[01:01:13] [Craft Scheduler Thread - 31/INFO]: [Metrics] Connection timed out: connect
[01:06:03] [Server thread/INFO]: [0;30;1m([0;36;1m[21mｆｉｎｅ[0;33;1m[21mＷｏｒｌｄ[0;30;1m) [0;33;22m[21mВнимание! Все предметы лежащие на полу будут уничтожены через [0;37;22m60 [0;33;22m[21mсекунд![m
[01:06:45] [Server thread/INFO]: [0;30;1m([0;36;1m[21mｆｉｎｅ[0;33;1m[21mＷｏｒｌｄ[0;30;1m) [0;33;22m[21mВнимание! Все предметы лежащие на полу будут уничтожены через [0;37;22m20 [0;33;22m[21mсекунд![m
[01:07:05] [Server thread/INFO]: [0;30;1m([0;36;1mｆｉｎｅ[0;33;1mＷｏｒｌｄ[0;30;1m) [0;32;1m[21mБыло удалено [0;37;22m0 [0;32;1m[21mпредметов[m
[01:11:32] [Craft Scheduler Thread - 50/INFO]: [Metrics] Connection timed out: connect
[01:13:56] [Server thread/INFO]: [0;30;1m([0;36;1m[21mｆｉｎｅ[0;33;1m[21mＷｏｒｌｄ[0;30;1m) [0;33;22m[21mВнимание! Все предметы лежащие на полу будут уничтожены через [0;37;22m60 [0;33;22m[21mсекунд![m
[01:14:40] [Server thread/INFO]: [0;30;1m([0;36;1m[21mｆｉｎｅ[0;33;1m[21mＷｏｒｌｄ[0;30;1m) [0;33;22m[21mВнимание! Все предметы лежащие на полу будут уничтожены через [0;37;22m20 [0;33;22m[21mсекунд![m
[01:15:02] [Server thread/INFO]: [0;30;1m([0;36;1mｆｉｎｅ[0;33;1mＷｏｒｌｄ[0;30;1m) [0;32;1m[21mБыло удалено [0;37;22m0 [0;32;1m[21mпредметов[m
[01:21:34] [Craft Scheduler Thread - 60/INFO]: [Marriage] Purged 0 player entries in 13ms
[01:21:54] [Server thread/INFO]: [0;30;1m([0;36;1m[21mｆｉｎｅ[0;33;1m[21mＷｏｒｌｄ[0;30;1m) [0;33;22m[21mВнимание! Все предметы лежащие на полу будут уничтожены через [0;37;22m60 [0;33;22m[21mсекунд![m
[01:22:36] [Server thread/INFO]: [0;30;1m([0;36;1m[21mｆｉｎｅ[0;33;1m[21mＷｏｒｌｄ[0;30;1m) [0;33;22m[21mВнимание! Все предметы лежащие на полу будут уничтожены через [0;37;22m20 [0;33;22m[21mсекунд![m
[01:22:58] [Server thread/INFO]: [0;30;1m([0;36;1mｆｉｎｅ[0;33;1mＷｏｒｌｄ[0;30;1m) [0;32;1m[21mБыло удалено [0;37;22m0 [0;32;1m[21mпредметов[m
[01:23:38] [Craft Scheduler Thread - 63/INFO]: [Metrics] Server returned HTTP response code: 504 for URL: http://mcstats.org/report/ServerSigns
[01:29:47] [Server thread/INFO]: [0;30;1m([0;36;1m[21mｆｉｎｅ[0;33;1m[21mＷｏｒｌｄ[0;30;1m) [0;33;22m[21mВнимание! Все предметы лежащие на полу будут уничтожены через [0;37;22m60 [0;33;22m[21mсекунд![m
[01:30:27] [Server thread/INFO]: [0;30;1m([0;36;1m[21mｆｉｎｅ[0;33;1m[21mＷｏｒｌｄ[0;30;1m) [0;33;22m[21mВнимание! Все предметы лежащие на полу будут уничтожены через [0;37;22m20 [0;33;22m[21mсекунд![m
[01:30:47] [Server thread/INFO]: [0;30;1m([0;36;1mｆｉｎｅ[0;33;1mＷｏｒｌｄ[0;30;1m) [0;32;1m[21mБыло удалено [0;37;22m0 [0;32;1m[21mпредметов[m
[01:32:52] [Craft Scheduler Thread - 51/INFO]: [Metrics] Server returned HTTP response code: 504 for URL: http://mcstats.org/report/ServerSigns
[01:37:39] [Server thread/INFO]: [0;30;1m([0;36;1m[21mｆｉｎｅ[0;33;1m[21mＷｏｒｌｄ[0;30;1m) [0;33;22m[21mВнимание! Все предметы лежащие на полу будут уничтожены через [0;37;22m60 [0;33;22m[21mсекунд![m
[01:38:21] [Server thread/INFO]: [0;30;1m([0;36;1m[21mｆｉｎｅ[0;33;1m[21mＷｏｒｌｄ[0;30;1m) [0;33;22m[21mВнимание! Все предметы лежащие на полу будут уничтожены через [0;37;22m20 [0;33;22m[21mсекунд![m
[01:38:41] [Server thread/INFO]: [0;30;1m([0;36;1mｆｉｎｅ[0;33;1mＷｏｒｌｄ[0;30;1m) [0;32;1m[21mБыло удалено [0;37;22m0 [0;32;1m[21mпредметов[m
[01:42:28] [Craft Scheduler Thread - 71/INFO]: [Metrics] Connection timed out: connect
[01:45:31] [Server thread/INFO]: [0;30;1m([0;36;1m[21mｆｉｎｅ[0;33;1m[21mＷｏｒｌｄ[0;30;1m) [0;33;22m[21mВнимание! Все предметы лежащие на полу будут уничтожены через [0;37;22m60 [0;33;22m[21mсекунд![m
[01:46:13] [Server thread/INFO]: [0;30;1m([0;36;1m[21mｆｉｎｅ[0;33;1m[21mＷｏｒｌｄ[0;30;1m) [0;33;22m[21mВнимание! Все предметы лежащие на полу будут уничтожены через [0;37;22m20 [0;33;22m[21mсекунд![m
[01:46:35] [Server thread/INFO]: [0;30;1m([0;36;1mｆｉｎｅ[0;33;1mＷｏｒｌｄ[0;30;1m) [0;32;1m[21mБыло удалено [0;37;22m0 [0;32;1m[21mпредметов[m
[01:53:29] [Server thread/INFO]: [0;30;1m([0;36;1m[21mｆｉｎｅ[0;33;1m[21mＷｏｒｌｄ[0;30;1m) [0;33;22m[21mВнимание! Все предметы лежащие на полу будут уничтожены через [0;37;22m60 [0;33;22m[21mсекунд![m
[01:53:35] [Craft Scheduler Thread - 87/INFO]: [Metrics] Server returned HTTP response code: 504 for URL: http://mcstats.org/report/ServerSigns
[01:54:10] [Server thread/INFO]: [0;30;1m([0;36;1m[21mｆｉｎｅ[0;33;1m[21mＷｏｒｌｄ[0;30;1m) [0;33;22m[21mВнимание! Все предметы лежащие на полу будут уничтожены через [0;37;22m20 [0;33;22m[21mсекунд![m
[01:54:31] [Server thread/INFO]: [0;30;1m([0;36;1mｆｉｎｅ[0;33;1mＷｏｒｌｄ[0;30;1m) [0;32;1m[21mБыло удалено [0;37;22m0 [0;32;1m[21mпредметов[m
[02:01:19] [Server thread/INFO]: [0;30;1m([0;36;1m[21mｆｉｎｅ[0;33;1m[21mＷｏｒｌｄ[0;30;1m) [0;33;22m[21mВнимание! Все предметы лежащие на полу будут уничтожены через [0;37;22m60 [0;33;22m[21mсекунд![m
[02:01:59] [Server thread/INFO]: [0;30;1m([0;36;1m[21mｆｉｎｅ[0;33;1m[21mＷｏｒｌｄ[0;30;1m) [0;33;22m[21mВнимание! Все предметы лежащие на полу будут уничтожены через [0;37;22m20 [0;33;22m[21mсекунд![m
[02:02:20] [Server thread/INFO]: [0;30;1m([0;36;1mｆｉｎｅ[0;33;1mＷｏｒｌｄ[0;30;1m) [0;32;1m[21mБыло удалено [0;37;22m0 [0;32;1m[21mпредметов[m
[02:03:02] [Craft Scheduler Thread - 85/INFO]: [Metrics] Connection timed out: connect
[02:09:09] [Server thread/INFO]: [0;30;1m([0;36;1m[21mｆｉｎｅ[0;33;1m[21mＷｏｒｌｄ[0;30;1m) [0;33;22m[21mВнимание! Все предметы лежащие на полу будут уничтожены через [0;37;22m60 [0;33;22m[21mсекунд![m
[02:09:51] [Server thread/INFO]: [0;30;1m([0;36;1m[21mｆｉｎｅ[0;33;1m[21mＷｏｒｌｄ[0;30;1m) [0;33;22m[21mВнимание! Все предметы лежащие на полу будут уничтожены через [0;37;22m20 [0;33;22m[21mсекунд![m
[02:10:12] [Server thread/INFO]: [0;30;1m([0;36;1mｆｉｎｅ[0;33;1mＷｏｒｌｄ[0;30;1m) [0;32;1m[21mБыло удалено [0;37;22m0 [0;32;1m[21mпредметов[m
[02:13:20] [Craft Scheduler Thread - 85/INFO]: [Metrics] Connection timed out: connect
[02:13:42] [Netty Server IO #0/DEBUG]: Set listener of net.minecraft.server.v1_12_R1.NetworkManager@1519cab9 to net.minecraft.server.v1_12_R1.HandshakeListener@1821da74
[02:13:42] [Netty Server IO #0/DEBUG]: Enabled auto read
[02:13:42] [Netty Server IO #0/DEBUG]: Enabled auto read
[02:13:42] [Netty Server IO #0/DEBUG]: Set listener of net.minecraft.server.v1_12_R1.NetworkManager@1519cab9 to net.minecraft.server.v1_12_R1.PacketStatusListener@2cc70afb
[02:16:31] [Netty Server IO #1/DEBUG]: Set listener of net.minecraft.server.v1_12_R1.NetworkManager@337f545e to net.minecraft.server.v1_12_R1.HandshakeListener@344d426b
[02:16:31] [Netty Server IO #1/DEBUG]: Enabled auto read
[02:16:31] [Netty Server IO #1/DEBUG]: Enabled auto read
[02:16:31] [Netty Server IO #1/DEBUG]: Set listener of net.minecraft.server.v1_12_R1.NetworkManager@337f545e to net.minecraft.server.v1_12_R1.PacketStatusListener@310ba68d
[02:17:06] [Server thread/INFO]: [0;30;1m([0;36;1m[21mｆｉｎｅ[0;33;1m[21mＷｏｒｌｄ[0;30;1m) [0;33;22m[21mВнимание! Все предметы лежащие на полу будут уничтожены через [0;37;22m60 [0;33;22m[21mсекунд![m
[02:17:47] [Server thread/INFO]: [0;30;1m([0;36;1m[21mｆｉｎｅ[0;33;1m[21mＷｏｒｌｄ[0;30;1m) [0;33;22m[21mВнимание! Все предметы лежащие на полу будут уничтожены через [0;37;22m20 [0;33;22m[21mсекунд![m
[02:18:09] [Server thread/INFO]: [0;30;1m([0;36;1mｆｉｎｅ[0;33;1mＷｏｒｌｄ[0;30;1m) [0;32;1m[21mБыло удалено [0;37;22m0 [0;32;1m[21mпредметов[m
[02:19:05] [Netty Server IO #2/DEBUG]: Set listener of net.minecraft.server.v1_12_R1.NetworkManager@3fab9b72 to net.minecraft.server.v1_12_R1.HandshakeListener@4558a859
[02:19:05] [Netty Server IO #2/DEBUG]: Enabled auto read
[02:19:05] [Netty Server IO #2/DEBUG]: Enabled auto read
[02:19:05] [Netty Server IO #2/DEBUG]: Set listener of net.minecraft.server.v1_12_R1.NetworkManager@3fab9b72 to net.minecraft.server.v1_12_R1.PacketStatusListener@564620d1
[02:19:44] [Server thread/INFO]: Stopping the server
[02:19:44] [Server thread/INFO]: Stopping server
[02:19:44] [Server thread/INFO]: [ItemFixer] Disabling ItemFixer v2.7.8
[02:19:44] [Server thread/INFO]: [dtlTraders] Disabling dtlTraders v3.5.4
[02:19:44] [Server thread/INFO]: [SystemBoard] Disabling SystemBoard v1.0
[02:19:44] [Server thread/INFO]: [0;32;1m[SystemBoard] Плагин выключен.[m
[02:19:44] [Server thread/INFO]: [HolographicDisplays] Disabling HolographicDisplays v2.2.6
[02:19:44] [Server thread/INFO]: [ServerSigns] Disabling ServerSigns v4.5.1
[02:19:44] [Server thread/INFO]: [ServerSigns] ServerSigns is now disabled.
[02:19:44] [Server thread/INFO]: [ChatEx] Disabling ChatEx v1.6
[02:19:44] [Server thread/INFO]: [ChatEx] is now disabled!
[02:19:44] [Server thread/INFO]: [ChestCommands] Disabling ChestCommands v3.1.4
[02:19:44] [Server thread/INFO]: [Citizens] Disabling Citizens v2.0.22-SNAPSHOT (build 1487)
[02:19:44] [Server thread/INFO]: [NoCheatPlus] Disabling NoCheatPlus v3.15.0-SNAPSHOT-sMD5NET-b1066
[02:19:44] [Server thread/INFO]: [NoCheatPlus] Removed hook: AllViolations(NCP) [1.0].
[02:19:44] [Server thread/INFO]: [NoCheatPlus] Version 3.15.0-SNAPSHOT-sMD5NET-b1066 is disabled.
[02:19:44] [Server thread/INFO]: [ProtocolLib] Disabling ProtocolLib v4.3.0
[02:19:44] [Server thread/INFO]: [WClans] Disabling WClans v1.0
[02:19:44] [Server thread/INFO]: [0;32;1m[WClans] &aПлагин выключен.[m
[02:19:44] [Server thread/INFO]: [ShoppingCartReloaded] Disabling ShoppingCartReloaded v1.2u11
[02:19:44] [Server thread/INFO]: [Marriage] Disabling Marriage v2.0.18
[02:19:44] [Server thread/INFO]: [Marriage] Loading database...
[02:19:44] [Server thread/INFO]: [Marriage] Plugin has been completely disabled.
[02:19:44] [Server thread/INFO]: [Jobs] Disabling Jobs v4.9.1
[02:19:44] [Server thread/INFO]: [TitleManager] Disabling TitleManager v2.0.6
[02:19:44] [Server thread/INFO]: [ViaBackwards] Disabling ViaBackwards v2.3.1
[02:19:44] [Server thread/INFO]: [EssentialsSpawn] Disabling EssentialsSpawn v2.0.1-b468
[02:19:44] [Server thread/INFO]: [Vault] Disabling Vault v1.5.6-b49
[02:19:44] [Server thread/INFO]: [MineResetLite] Disabling MineResetLite v0.4.7
[02:19:44] [Server thread/INFO]: [MineResetLite] MineResetLite disabled
[02:19:44] [Server thread/INFO]: [CustomJoinItems] Disabling CustomJoinItems v1.5.2
[02:19:44] [Server thread/INFO]: [ViaVersion] Disabling ViaVersion v1.3.0
[02:19:44] [Server thread/INFO]: [ViaVersion] ViaVersion is disabling, if this is a reload and you experience issues consider rebooting.
[02:19:44] [Server thread/INFO]: [WGExtender] Disabling WGExtender v1.0
[02:19:44] [Server thread/INFO]: [RandomPort] Disabling RandomPort v2.0
[02:19:44] [Server thread/INFO]: RandomPort has been disabled.
[02:19:44] [Server thread/INFO]: [PermissionsEx] Disabling PermissionsEx v1.23.4
[02:19:44] [Server thread/INFO]: WEPIF: PermissionsEx обнаружен! Использую PermissionEx для разрешений.
[02:19:44] [Server thread/INFO]: [OPSRegion] Disabling OPSRegion v1.0
[02:19:44] [Server thread/INFO]: Essentials: Using config file enhanced permissions.
[02:19:44] [Server thread/INFO]: Permissions listed in as player-commands will be given to all users.
[02:19:44] [Server thread/INFO]: [SkinsRestorer] Disabling SkinsRestorer v13.5-SNAPSHOT
[02:19:44] [Server thread/INFO]: [MultiWorld] Disabling MultiWorld v5.2.8
[02:19:44] [Server thread/INFO]: [MultiWorld] Disabled.
[02:19:44] [Server thread/INFO]: [WorldGuard] Disabling WorldGuard v6.2.1;84bc322
[02:19:44] [Server thread/INFO]: [WorldGuard] Shutting down executor and waiting for any pending tasks...
[02:19:45] [Server thread/INFO]: [DynPad] Disabling DynPad v1.5
[02:19:45] [Server thread/INFO]: [AntiRelog] Disabling AntiRelog v1.4
[02:19:45] [Server thread/INFO]: [CreativeLimiter] Disabling CreativeLimiter v1.0
[02:19:45] [Server thread/INFO]: [AutoMessage] Disabling AutoMessage v2.5.5
[02:19:45] [Server thread/INFO]: [ClearLag] Disabling ClearLag v2.9.7
[02:19:45] [Server thread/INFO]: [ClearLag] Clearlag is now disabled!
[02:19:45] [Server thread/INFO]: [Essentials] Disabling Essentials vTeamCity
[02:19:45] [Server thread/INFO]: [KeepItems] Disabling KeepItems v1.3.2
[02:19:45] [Server thread/INFO]: [WorldEdit] Disabling WorldEdit v6.1.9-SNAPSHOT;88df431
[02:19:45] [Server thread/INFO]: Saving players
[02:19:45] [Server thread/INFO]: Saving worlds
[02:19:45] [Server thread/INFO]: Saving chunks for level 'spawn'/overworld
[02:19:45] [Server thread/INFO]: Saving chunks for level 'spawn_nether'/the_nether
[02:19:45] [Server thread/INFO]: Saving chunks for level 'spawn_the_end'/the_end
[02:19:45] [Server thread/INFO]: Saving chunks for level 'world'/overworld
[02:19:46] [Server thread/INFO]: Saving chunks for level 'world_nether'/the_nether
[02:19:46] [Server thread/INFO]: Saving chunks for level 'world_the_end'/the_end
